---------------------------------------------------------------
[ 2020-03-03T20:58:31+08:00 ] 127.0.0.1 GET www.jfmblog.com/
[ sql ] [ DB ] CONNECT:[ UseTime:0.022444s ] mysql:host=127.0.0.1;dbname=jfmblog;charset=utf8
[ sql ] [ SQL ] SHOW COLUMNS FROM `fa_blog_category` [ RunTime:0.041439s ]
[ sql ] [ SQL ] SELECT * FROM `fa_blog_category` WHERE  `status` = 'normal' ORDER BY `weigh` DESC,`id` DESC [ RunTime:0.001379s ]
[ sql ] [ SQL ] SHOW COLUMNS FROM `fa_blog_post` [ RunTime:0.021094s ]
[ sql ] [ SQL ] SELECT COUNT(*) AS tp_count FROM `fa_blog_post` WHERE  `status` = 'normal' LIMIT 1 [ RunTime:0.000926s ]
[ sql ] [ SQL ] SELECT * FROM `fa_blog_post` WHERE  `status` = 'normal' ORDER BY `weigh` DESC,`id` DESC LIMIT 0,10 [ RunTime:0.000955s ]
[ sql ] [ SQL ] SELECT * FROM `fa_blog_category` WHERE  `id` IN (3,2,1) [ RunTime:0.001347s ]
[ sql ] [ SQL ] SHOW COLUMNS FROM `fa_blog_block` [ RunTime:0.019899s ]
[ sql ] [ SQL ] SELECT * FROM `fa_blog_block` WHERE  `name` = 'sidebarad1'  AND `status` = 'normal' LIMIT 1 [ RunTime:0.000950s ]
[ sql ] [ SQL ] SELECT * FROM `fa_blog_block` WHERE  `name` = 'sidebarad2'  AND `status` = 'normal' LIMIT 1 [ RunTime:0.001000s ]
[ sql ] [ SQL ] SELECT * FROM `fa_blog_block` WHERE  `status` = 'normal'  AND `name` = 'indexfocus' ORDER BY `id` DESC LIMIT 5 [ RunTime:0.000932s ]
[ sql ] [ SQL ] SELECT * FROM `fa_blog_block` WHERE  `status` = 'normal'  AND `name` = 'indexsmallfocus' ORDER BY `id` DESC LIMIT 4 [ RunTime:0.001089s ]
[ sql ] [ SQL ] SELECT * FROM `fa_blog_post` WHERE  `status` = 'normal' ORDER BY `createtime` DESC LIMIT 10 [ RunTime:0.000938s ]
[ sql ] [ SQL ] SELECT * FROM `fa_blog_category` WHERE  `id` IN (3,2,1) [ RunTime:0.001056s ]
[ sql ] [ SQL ] SELECT * FROM `fa_blog_post` WHERE  `status` = 'normal'  AND (  (FIND_IN_SET('recommend', flag)) ) ORDER BY `createtime` DESC LIMIT 10 [ RunTime:0.029673s ]
[ sql ] [ SQL ] SELECT * FROM `fa_blog_category` WHERE  `id` IN (2) [ RunTime:0.000884s ]
---------------------------------------------------------------
[ 2020-03-03T20:58:57+08:00 ] 127.0.0.1 POST www.jfmblog.com/admin/index/login?url=%2Fadmin
[ sql ] [ DB ] CONNECT:[ UseTime:0.012552s ] mysql:host=127.0.0.1;dbname=jfmblog;charset=utf8
[ sql ] [ SQL ] SHOW COLUMNS FROM `fa_admin` [ RunTime:0.033686s ]
[ sql ] [ SQL ] SELECT * FROM `fa_admin` WHERE  `username` = 'admin' LIMIT 1 [ RunTime:0.000989s ]
[ sql ] [ SQL ] UPDATE `fa_admin`  SET `logintime`=1583240337,`token`='eb8f8084-5a41-4227-a906-80ac673a50ae',`updatetime`=1583240337  WHERE  `id` = 1 [ RunTime:0.043830s ]
[ sql ] [ SQL ] SHOW COLUMNS FROM `fa_admin_log` [ RunTime:0.007775s ]
[ sql ] [ SQL ] INSERT INTO `fa_admin_log` (`title` , `content` , `url` , `admin_id` , `username` , `useragent` , `ip` , `createtime`) VALUES ('登录' , '{\"url\":\"\\/admin\",\"__token__\":\"3a03f788054e45a47d671abde917fa6c\",\"username\":\"admin\",\"captcha\":\"7e4t\"}' , '/admin/index/login?url=%2Fadmin' , 1 , 'admin' , 'Mozilla/5.0 (Windows NT 10.0; Win64; x64; rv:73.0) Gecko/20100101 Firefox/73.0' , '127.0.0.1' , 1583240337) [ RunTime:0.045153s ]
---------------------------------------------------------------
[ 2020-03-03T20:58:58+08:00 ] 127.0.0.1 GET www.jfmblog.com/admin
[ sql ] [ DB ] CONNECT:[ UseTime:0.003254s ] mysql:host=127.0.0.1;dbname=jfmblog;charset=utf8
[ sql ] [ SQL ] SHOW COLUMNS FROM `fa_auth_group_access` [ RunTime:0.022814s ]
[ sql ] [ SQL ] SELECT `aga`.`uid`,`aga`.`group_id`,`ag`.`id`,`ag`.`pid`,`ag`.`name`,`ag`.`rules` FROM `fa_auth_group_access` `aga` LEFT JOIN `fa_auth_group` `ag` ON `aga`.`group_id`=`ag`.`id` WHERE  (  aga.uid='1' and ag.status='normal' ) [ RunTime:0.001951s ]
[ sql ] [ SQL ] SHOW COLUMNS FROM `fa_auth_rule` [ RunTime:0.008579s ]
[ sql ] [ SQL ] SELECT `id`,`pid`,`condition`,`icon`,`name`,`title`,`ismenu` FROM `fa_auth_rule` WHERE  `status` = 'normal' [ RunTime:0.001225s ]
[ sql ] [ SQL ] SELECT * FROM `fa_auth_rule` WHERE  `status` = 'normal'  AND `ismenu` = 1 ORDER BY `weigh` DESC [ RunTime:0.001327s ]
[ sql ] [ SQL ] SELECT `name`,`pid` FROM `fa_auth_rule` WHERE  `status` = 'normal'  AND `ismenu` = 0  AND `name` LIKE '%/index' [ RunTime:0.001097s ]
---------------------------------------------------------------
[ 2020-03-03T20:58:59+08:00 ] 127.0.0.1 GET www.jfmblog.com/admin/general/config?addtabs=1
[ sql ] [ DB ] CONNECT:[ UseTime:0.011460s ] mysql:host=127.0.0.1;dbname=jfmblog;charset=utf8
[ sql ] [ SQL ] SHOW COLUMNS FROM `fa_auth_group_access` [ RunTime:0.004677s ]
[ sql ] [ SQL ] SELECT `aga`.`uid`,`aga`.`group_id`,`ag`.`id`,`ag`.`pid`,`ag`.`name`,`ag`.`rules` FROM `fa_auth_group_access` `aga` LEFT JOIN `fa_auth_group` `ag` ON `aga`.`group_id`=`ag`.`id` WHERE  (  aga.uid='1' and ag.status='normal' ) [ RunTime:0.000801s ]
[ sql ] [ SQL ] SHOW COLUMNS FROM `fa_auth_rule` [ RunTime:0.005427s ]
[ sql ] [ SQL ] SELECT `id`,`pid`,`condition`,`icon`,`name`,`title`,`ismenu` FROM `fa_auth_rule` WHERE  `status` = 'normal' [ RunTime:0.001231s ]
[ sql ] [ SQL ] SHOW COLUMNS FROM `fa_config` [ RunTime:0.026169s ]
[ sql ] [ SQL ] SELECT * FROM `fa_config` [ RunTime:0.000816s ]
[ sql ] [ SQL ] SELECT `title`,`remark` FROM `fa_auth_rule` WHERE  `name` = 'general/config' LIMIT 1 [ RunTime:0.000871s ]
---------------------------------------------------------------
[ 2020-03-03T20:59:02+08:00 ] 127.0.0.1 GET www.jfmblog.com/admin/blog/post?addtabs=1
[ sql ] [ DB ] CONNECT:[ UseTime:0.011534s ] mysql:host=127.0.0.1;dbname=jfmblog;charset=utf8
[ sql ] [ SQL ] SHOW COLUMNS FROM `fa_auth_group_access` [ RunTime:0.005701s ]
[ sql ] [ SQL ] SELECT `aga`.`uid`,`aga`.`group_id`,`ag`.`id`,`ag`.`pid`,`ag`.`name`,`ag`.`rules` FROM `fa_auth_group_access` `aga` LEFT JOIN `fa_auth_group` `ag` ON `aga`.`group_id`=`ag`.`id` WHERE  (  aga.uid='1' and ag.status='normal' ) [ RunTime:0.000873s ]
[ sql ] [ SQL ] SHOW COLUMNS FROM `fa_auth_rule` [ RunTime:0.004896s ]
[ sql ] [ SQL ] SELECT `id`,`pid`,`condition`,`icon`,`name`,`title`,`ismenu` FROM `fa_auth_rule` WHERE  `status` = 'normal' [ RunTime:0.001293s ]
[ sql ] [ SQL ] SHOW COLUMNS FROM `fa_blog_category` [ RunTime:0.004768s ]
[ sql ] [ SQL ] SELECT * FROM `fa_blog_category` ORDER BY `weigh` DESC,`id` DESC [ RunTime:0.000818s ]
[ sql ] [ SQL ] SELECT `title`,`remark` FROM `fa_auth_rule` WHERE  `name` = 'blog/post' LIMIT 1 [ RunTime:0.000892s ]
---------------------------------------------------------------
[ 2020-03-03T20:59:03+08:00 ] 127.0.0.1 GET www.jfmblog.com/admin/blog/post/index?sort=weigh&order=desc&offset=0&limit=10&filter=%7B%7D&op=%7B%7D&_=1583240342938
[ sql ] [ DB ] CONNECT:[ UseTime:0.013076s ] mysql:host=127.0.0.1;dbname=jfmblog;charset=utf8
[ sql ] [ SQL ] SHOW COLUMNS FROM `fa_auth_group_access` [ RunTime:0.004643s ]
[ sql ] [ SQL ] SELECT `aga`.`uid`,`aga`.`group_id`,`ag`.`id`,`ag`.`pid`,`ag`.`name`,`ag`.`rules` FROM `fa_auth_group_access` `aga` LEFT JOIN `fa_auth_group` `ag` ON `aga`.`group_id`=`ag`.`id` WHERE  (  aga.uid='1' and ag.status='normal' ) [ RunTime:0.000788s ]
[ sql ] [ SQL ] SHOW COLUMNS FROM `fa_auth_rule` [ RunTime:0.004835s ]
[ sql ] [ SQL ] SELECT `id`,`pid`,`condition`,`icon`,`name`,`title`,`ismenu` FROM `fa_auth_rule` WHERE  `status` = 'normal' [ RunTime:0.001196s ]
[ sql ] [ SQL ] SHOW COLUMNS FROM `fa_blog_category` [ RunTime:0.004591s ]
[ sql ] [ SQL ] SELECT * FROM `fa_blog_category` ORDER BY `weigh` DESC,`id` DESC [ RunTime:0.000823s ]
[ sql ] [ SQL ] SHOW COLUMNS FROM `fa_blog_post` [ RunTime:0.004892s ]
[ sql ] [ SQL ] SELECT COUNT(*) AS tp_count FROM `fa_blog_post` `blog_post` LEFT JOIN `fa_blog_category` `category` ON `blog_post`.`category_id`=`category`.`id` ORDER BY `blog_post`.`weigh` DESC LIMIT 1 [ RunTime:0.000812s ]
[ sql ] [ SQL ] SELECT `blog_post`.`id`,`blog_post`.`category_id`,`blog_post`.`flag`,`blog_post`.`title`,`blog_post`.`summary`,`blog_post`.`content`,`blog_post`.`thumb`,`blog_post`.`image`,`blog_post`.`keywords`,`blog_post`.`description`,`blog_post`.`views`,`blog_post`.`comments`,`blog_post`.`createtime`,`blog_post`.`updatetime`,`blog_post`.`weigh`,`blog_post`.`status`,category.id AS category__id,category.pid AS category__pid,category.name AS category__name,category.nickname AS category__nickname,category.flag AS category__flag,category.image AS category__image,category.keywords AS category__keywords,category.description AS category__description,category.diyname AS category__diyname,category.createtime AS category__createtime,category.updatetime AS category__updatetime,category.weigh AS category__weigh,category.status AS category__status FROM `fa_blog_post` `blog_post` LEFT JOIN `fa_blog_category` `category` ON `blog_post`.`category_id`=`category`.`id` ORDER BY `blog_post`.`weigh` DESC LIMIT 0,10 [ RunTime:0.000977s ]
---------------------------------------------------------------
[ 2020-03-03T20:59:08+08:00 ] 127.0.0.1 GET www.jfmblog.com/admin/blog/post/add?dialog=1
[ sql ] [ DB ] CONNECT:[ UseTime:0.012848s ] mysql:host=127.0.0.1;dbname=jfmblog;charset=utf8
[ sql ] [ SQL ] SHOW COLUMNS FROM `fa_auth_group_access` [ RunTime:0.005808s ]
[ sql ] [ SQL ] SELECT `aga`.`uid`,`aga`.`group_id`,`ag`.`id`,`ag`.`pid`,`ag`.`name`,`ag`.`rules` FROM `fa_auth_group_access` `aga` LEFT JOIN `fa_auth_group` `ag` ON `aga`.`group_id`=`ag`.`id` WHERE  (  aga.uid='1' and ag.status='normal' ) [ RunTime:0.000763s ]
[ sql ] [ SQL ] SHOW COLUMNS FROM `fa_auth_rule` [ RunTime:0.005295s ]
[ sql ] [ SQL ] SELECT `id`,`pid`,`condition`,`icon`,`name`,`title`,`ismenu` FROM `fa_auth_rule` WHERE  `status` = 'normal' [ RunTime:0.001231s ]
[ sql ] [ SQL ] SHOW COLUMNS FROM `fa_blog_category` [ RunTime:0.004729s ]
[ sql ] [ SQL ] SELECT * FROM `fa_blog_category` ORDER BY `weigh` DESC,`id` DESC [ RunTime:0.000921s ]
---------------------------------------------------------------
[ 2020-03-03T20:59:11+08:00 ] 127.0.0.1 GET www.jfmblog.com/admin/blog/category?addtabs=1
[ sql ] [ DB ] CONNECT:[ UseTime:0.011848s ] mysql:host=127.0.0.1;dbname=jfmblog;charset=utf8
[ sql ] [ SQL ] SHOW COLUMNS FROM `fa_auth_group_access` [ RunTime:0.011720s ]
[ sql ] [ SQL ] SELECT `aga`.`uid`,`aga`.`group_id`,`ag`.`id`,`ag`.`pid`,`ag`.`name`,`ag`.`rules` FROM `fa_auth_group_access` `aga` LEFT JOIN `fa_auth_group` `ag` ON `aga`.`group_id`=`ag`.`id` WHERE  (  aga.uid='1' and ag.status='normal' ) [ RunTime:0.000849s ]
[ sql ] [ SQL ] SHOW COLUMNS FROM `fa_auth_rule` [ RunTime:0.005265s ]
[ sql ] [ SQL ] SELECT `id`,`pid`,`condition`,`icon`,`name`,`title`,`ismenu` FROM `fa_auth_rule` WHERE  `status` = 'normal' [ RunTime:0.001182s ]
[ sql ] [ SQL ] SHOW COLUMNS FROM `fa_blog_category` [ RunTime:0.004700s ]
[ sql ] [ SQL ] SELECT * FROM `fa_blog_category` ORDER BY `weigh` DESC,`id` DESC [ RunTime:0.000752s ]
[ sql ] [ SQL ] SELECT `title`,`remark` FROM `fa_auth_rule` WHERE  `name` = 'blog/category' LIMIT 1 [ RunTime:0.000853s ]
---------------------------------------------------------------
[ 2020-03-03T20:59:11+08:00 ] 127.0.0.1 GET www.jfmblog.com/admin/blog/category/index?sort=weigh&order=desc&offset=0&limit=10&filter=%7B%7D&op=%7B%7D&_=1583240351519
[ sql ] [ DB ] CONNECT:[ UseTime:0.013072s ] mysql:host=127.0.0.1;dbname=jfmblog;charset=utf8
[ sql ] [ SQL ] SHOW COLUMNS FROM `fa_auth_group_access` [ RunTime:0.004956s ]
[ sql ] [ SQL ] SELECT `aga`.`uid`,`aga`.`group_id`,`ag`.`id`,`ag`.`pid`,`ag`.`name`,`ag`.`rules` FROM `fa_auth_group_access` `aga` LEFT JOIN `fa_auth_group` `ag` ON `aga`.`group_id`=`ag`.`id` WHERE  (  aga.uid='1' and ag.status='normal' ) [ RunTime:0.000744s ]
[ sql ] [ SQL ] SHOW COLUMNS FROM `fa_auth_rule` [ RunTime:0.005079s ]
[ sql ] [ SQL ] SELECT `id`,`pid`,`condition`,`icon`,`name`,`title`,`ismenu` FROM `fa_auth_rule` WHERE  `status` = 'normal' [ RunTime:0.001095s ]
[ sql ] [ SQL ] SHOW COLUMNS FROM `fa_blog_category` [ RunTime:0.005024s ]
[ sql ] [ SQL ] SELECT * FROM `fa_blog_category` ORDER BY `weigh` DESC,`id` DESC [ RunTime:0.000831s ]
[ sql ] [ SQL ] SELECT COUNT(*) AS tp_count FROM `fa_blog_category` ORDER BY `weigh` DESC LIMIT 1 [ RunTime:0.000786s ]
[ sql ] [ SQL ] SELECT * FROM `fa_blog_category` ORDER BY `weigh` DESC LIMIT 0,10 [ RunTime:0.000838s ]
---------------------------------------------------------------
[ 2020-03-03T20:59:13+08:00 ] 127.0.0.1 GET www.jfmblog.com/admin/blog/category/add?dialog=1
[ sql ] [ DB ] CONNECT:[ UseTime:0.003041s ] mysql:host=127.0.0.1;dbname=jfmblog;charset=utf8
[ sql ] [ SQL ] SHOW COLUMNS FROM `fa_auth_group_access` [ RunTime:0.012734s ]
[ sql ] [ SQL ] SELECT `aga`.`uid`,`aga`.`group_id`,`ag`.`id`,`ag`.`pid`,`ag`.`name`,`ag`.`rules` FROM `fa_auth_group_access` `aga` LEFT JOIN `fa_auth_group` `ag` ON `aga`.`group_id`=`ag`.`id` WHERE  (  aga.uid='1' and ag.status='normal' ) [ RunTime:0.000851s ]
[ sql ] [ SQL ] SHOW COLUMNS FROM `fa_auth_rule` [ RunTime:0.005728s ]
[ sql ] [ SQL ] SELECT `id`,`pid`,`condition`,`icon`,`name`,`title`,`ismenu` FROM `fa_auth_rule` WHERE  `status` = 'normal' [ RunTime:0.001214s ]
[ sql ] [ SQL ] SHOW COLUMNS FROM `fa_blog_category` [ RunTime:0.004630s ]
[ sql ] [ SQL ] SELECT * FROM `fa_blog_category` ORDER BY `weigh` DESC,`id` DESC [ RunTime:0.001190s ]
---------------------------------------------------------------
[ 2020-03-03T20:59:31+08:00 ] 127.0.0.1 POST www.jfmblog.com/admin/blog/category/add?dialog=1
[ sql ] [ DB ] CONNECT:[ UseTime:0.012732s ] mysql:host=127.0.0.1;dbname=jfmblog;charset=utf8
[ sql ] [ SQL ] SHOW COLUMNS FROM `fa_auth_group_access` [ RunTime:0.004417s ]
[ sql ] [ SQL ] SELECT `aga`.`uid`,`aga`.`group_id`,`ag`.`id`,`ag`.`pid`,`ag`.`name`,`ag`.`rules` FROM `fa_auth_group_access` `aga` LEFT JOIN `fa_auth_group` `ag` ON `aga`.`group_id`=`ag`.`id` WHERE  (  aga.uid='1' and ag.status='normal' ) [ RunTime:0.000763s ]
[ sql ] [ SQL ] SHOW COLUMNS FROM `fa_auth_rule` [ RunTime:0.005087s ]
[ sql ] [ SQL ] SELECT `id`,`pid`,`condition`,`icon`,`name`,`title`,`ismenu` FROM `fa_auth_rule` WHERE  `status` = 'normal' [ RunTime:0.001154s ]
[ sql ] [ SQL ] SHOW COLUMNS FROM `fa_blog_category` [ RunTime:0.005188s ]
[ sql ] [ SQL ] SELECT * FROM `fa_blog_category` ORDER BY `weigh` DESC,`id` DESC [ RunTime:0.000813s ]
[ sql ] [ SQL ] INSERT INTO `fa_blog_category` (`pid` , `name` , `nickname` , `image` , `keywords` , `description` , `diyname` , `weigh` , `status` , `createtime` , `updatetime`) VALUES (0 , '虚拟机' , '虚拟机' , '' , '' , '' , '' , 0 , 'normal' , 1583240371 , 1583240371) [ RunTime:0.001692s ]
[ sql ] [ SQL ] UPDATE `fa_blog_category`  SET `pid`=0,`name`='虚拟机',`nickname`='虚拟机',`image`='',`keywords`='',`description`='',`diyname`='',`weigh`=4,`status`='normal',`createtime`=1583240371,`updatetime`=1583240371  WHERE  `id` = 4 [ RunTime:0.001847s ]
[ sql ] [ SQL ] SHOW COLUMNS FROM `fa_admin_log` [ RunTime:0.012481s ]
[ sql ] [ SQL ] INSERT INTO `fa_admin_log` (`title` , `content` , `url` , `admin_id` , `username` , `useragent` , `ip` , `createtime`) VALUES ('博客管理 分类管理 添加' , '{\"dialog\":\"1\",\"row\":{\"pid\":\"0\",\"name\":\"\\u865a\\u62df\\u673a\",\"nickname\":\"\\u865a\\u62df\\u673a\",\"image\":\"\",\"keywords\":\"\",\"description\":\"\",\"diyname\":\"\",\"weigh\":\"0\",\"status\":\"normal\",\"flag\":[\"\"]}}' , '/admin/blog/category/add?dialog=1' , 1 , 'admin' , 'Mozilla/5.0 (Windows NT 10.0; Win64; x64; rv:73.0) Gecko/20100101 Firefox/73.0' , '127.0.0.1' , 1583240371) [ RunTime:0.062946s ]
---------------------------------------------------------------
[ 2020-03-03T20:59:31+08:00 ] 127.0.0.1 GET www.jfmblog.com/admin/blog/category/index?sort=weigh&order=desc&offset=0&limit=10&filter=%7B%7D&op=%7B%7D&_=1583240351520
[ sql ] [ DB ] CONNECT:[ UseTime:0.012766s ] mysql:host=127.0.0.1;dbname=jfmblog;charset=utf8
[ sql ] [ SQL ] SHOW COLUMNS FROM `fa_auth_group_access` [ RunTime:0.004352s ]
[ sql ] [ SQL ] SELECT `aga`.`uid`,`aga`.`group_id`,`ag`.`id`,`ag`.`pid`,`ag`.`name`,`ag`.`rules` FROM `fa_auth_group_access` `aga` LEFT JOIN `fa_auth_group` `ag` ON `aga`.`group_id`=`ag`.`id` WHERE  (  aga.uid='1' and ag.status='normal' ) [ RunTime:0.001165s ]
[ sql ] [ SQL ] SHOW COLUMNS FROM `fa_auth_rule` [ RunTime:0.004676s ]
[ sql ] [ SQL ] SELECT `id`,`pid`,`condition`,`icon`,`name`,`title`,`ismenu` FROM `fa_auth_rule` WHERE  `status` = 'normal' [ RunTime:0.001332s ]
[ sql ] [ SQL ] SHOW COLUMNS FROM `fa_blog_category` [ RunTime:0.006473s ]
[ sql ] [ SQL ] SELECT * FROM `fa_blog_category` ORDER BY `weigh` DESC,`id` DESC [ RunTime:0.000716s ]
[ sql ] [ SQL ] SELECT COUNT(*) AS tp_count FROM `fa_blog_category` ORDER BY `weigh` DESC LIMIT 1 [ RunTime:0.000670s ]
[ sql ] [ SQL ] SELECT * FROM `fa_blog_category` ORDER BY `weigh` DESC LIMIT 0,10 [ RunTime:0.000682s ]
---------------------------------------------------------------
[ 2020-03-03T20:59:35+08:00 ] 127.0.0.1 GET www.jfmblog.com/
[ sql ] [ DB ] CONNECT:[ UseTime:0.013147s ] mysql:host=127.0.0.1;dbname=jfmblog;charset=utf8
[ sql ] [ SQL ] SHOW COLUMNS FROM `fa_blog_category` [ RunTime:0.012419s ]
[ sql ] [ SQL ] SELECT * FROM `fa_blog_category` WHERE  `status` = 'normal' ORDER BY `weigh` DESC,`id` DESC [ RunTime:0.001296s ]
[ sql ] [ SQL ] SHOW COLUMNS FROM `fa_blog_post` [ RunTime:0.004628s ]
[ sql ] [ SQL ] SELECT COUNT(*) AS tp_count FROM `fa_blog_post` WHERE  `status` = 'normal' LIMIT 1 [ RunTime:0.000920s ]
[ sql ] [ SQL ] SELECT * FROM `fa_blog_post` WHERE  `status` = 'normal' ORDER BY `weigh` DESC,`id` DESC LIMIT 0,10 [ RunTime:0.001042s ]
[ sql ] [ SQL ] SELECT * FROM `fa_blog_category` WHERE  `id` IN (3,2,1) [ RunTime:0.001111s ]
[ sql ] [ SQL ] SHOW COLUMNS FROM `fa_blog_block` [ RunTime:0.005492s ]
[ sql ] [ SQL ] SELECT * FROM `fa_blog_block` WHERE  `name` = 'sidebarad1'  AND `status` = 'normal' LIMIT 1 [ RunTime:0.001006s ]
[ sql ] [ SQL ] SELECT * FROM `fa_blog_block` WHERE  `name` = 'sidebarad2'  AND `status` = 'normal' LIMIT 1 [ RunTime:0.001070s ]
[ sql ] [ SQL ] SELECT * FROM `fa_blog_block` WHERE  `status` = 'normal'  AND `name` = 'indexfocus' ORDER BY `id` DESC LIMIT 5 [ RunTime:0.001020s ]
[ sql ] [ SQL ] SELECT * FROM `fa_blog_block` WHERE  `status` = 'normal'  AND `name` = 'indexsmallfocus' ORDER BY `id` DESC LIMIT 4 [ RunTime:0.000909s ]
[ sql ] [ SQL ] SELECT * FROM `fa_blog_post` WHERE  `status` = 'normal' ORDER BY `createtime` DESC LIMIT 10 [ RunTime:0.000960s ]
[ sql ] [ SQL ] SELECT * FROM `fa_blog_category` WHERE  `id` IN (3,2,1) [ RunTime:0.001060s ]
[ sql ] [ SQL ] SELECT * FROM `fa_blog_post` WHERE  `status` = 'normal'  AND (  (FIND_IN_SET('recommend', flag)) ) ORDER BY `createtime` DESC LIMIT 10 [ RunTime:0.000956s ]
[ sql ] [ SQL ] SELECT * FROM `fa_blog_category` WHERE  `id` IN (2) [ RunTime:0.001120s ]
---------------------------------------------------------------
[ 2020-03-03T20:59:43+08:00 ] 127.0.0.1 GET www.jfmblog.com/admin/blog/category/edit/ids/4?dialog=1
[ sql ] [ DB ] CONNECT:[ UseTime:0.013054s ] mysql:host=127.0.0.1;dbname=jfmblog;charset=utf8
[ sql ] [ SQL ] SHOW COLUMNS FROM `fa_auth_group_access` [ RunTime:0.005541s ]
[ sql ] [ SQL ] SELECT `aga`.`uid`,`aga`.`group_id`,`ag`.`id`,`ag`.`pid`,`ag`.`name`,`ag`.`rules` FROM `fa_auth_group_access` `aga` LEFT JOIN `fa_auth_group` `ag` ON `aga`.`group_id`=`ag`.`id` WHERE  (  aga.uid='1' and ag.status='normal' ) [ RunTime:0.001032s ]
[ sql ] [ SQL ] SHOW COLUMNS FROM `fa_auth_rule` [ RunTime:0.004688s ]
[ sql ] [ SQL ] SELECT `id`,`pid`,`condition`,`icon`,`name`,`title`,`ismenu` FROM `fa_auth_rule` WHERE  `status` = 'normal' [ RunTime:0.001561s ]
[ sql ] [ SQL ] SHOW COLUMNS FROM `fa_blog_category` [ RunTime:0.006453s ]
[ sql ] [ SQL ] SELECT * FROM `fa_blog_category` ORDER BY `weigh` DESC,`id` DESC [ RunTime:0.000724s ]
[ sql ] [ SQL ] SELECT * FROM `fa_blog_category` WHERE  `id` = 4 LIMIT 1 [ RunTime:0.000860s ]
---------------------------------------------------------------
[ 2020-03-03T20:59:55+08:00 ] 127.0.0.1 POST www.jfmblog.com/admin/blog/category/edit/ids/4?dialog=1
[ sql ] [ DB ] CONNECT:[ UseTime:0.016369s ] mysql:host=127.0.0.1;dbname=jfmblog;charset=utf8
[ sql ] [ SQL ] SHOW COLUMNS FROM `fa_auth_group_access` [ RunTime:0.004396s ]
[ sql ] [ SQL ] SELECT `aga`.`uid`,`aga`.`group_id`,`ag`.`id`,`ag`.`pid`,`ag`.`name`,`ag`.`rules` FROM `fa_auth_group_access` `aga` LEFT JOIN `fa_auth_group` `ag` ON `aga`.`group_id`=`ag`.`id` WHERE  (  aga.uid='1' and ag.status='normal' ) [ RunTime:0.000879s ]
[ sql ] [ SQL ] SHOW COLUMNS FROM `fa_auth_rule` [ RunTime:0.004755s ]
[ sql ] [ SQL ] SELECT `id`,`pid`,`condition`,`icon`,`name`,`title`,`ismenu` FROM `fa_auth_rule` WHERE  `status` = 'normal' [ RunTime:0.001254s ]
[ sql ] [ SQL ] SHOW COLUMNS FROM `fa_blog_category` [ RunTime:0.005776s ]
[ sql ] [ SQL ] SELECT * FROM `fa_blog_category` ORDER BY `weigh` DESC,`id` DESC [ RunTime:0.000837s ]
[ sql ] [ SQL ] SELECT * FROM `fa_blog_category` WHERE  `id` = 4 LIMIT 1 [ RunTime:0.000990s ]
[ sql ] [ SQL ] UPDATE `fa_blog_category`  SET `pid`=0,`name`='linux',`nickname`='linux',`updatetime`=1583240395  WHERE  `id` = 4 [ RunTime:0.001275s ]
[ sql ] [ SQL ] SHOW COLUMNS FROM `fa_admin_log` [ RunTime:0.004713s ]
[ sql ] [ SQL ] INSERT INTO `fa_admin_log` (`title` , `content` , `url` , `admin_id` , `username` , `useragent` , `ip` , `createtime`) VALUES ('博客管理 分类管理 修改' , '{\"dialog\":\"1\",\"row\":{\"pid\":\"0\",\"name\":\"linux\",\"nickname\":\"linux\",\"image\":\"\",\"keywords\":\"\",\"description\":\"\",\"diyname\":\"\",\"weigh\":\"4\",\"status\":\"normal\",\"flag\":[\"\"]},\"ids\":\"4\"}' , '/admin/blog/category/edit/ids/4?dialog=1' , 1 , 'admin' , 'Mozilla/5.0 (Windows NT 10.0; Win64; x64; rv:73.0) Gecko/20100101 Firefox/73.0' , '127.0.0.1' , 1583240395) [ RunTime:0.042958s ]
---------------------------------------------------------------
[ 2020-03-03T20:59:55+08:00 ] 127.0.0.1 GET www.jfmblog.com/admin/blog/category/index?sort=weigh&order=desc&offset=0&limit=10&filter=%7B%7D&op=%7B%7D&_=1583240351521
[ sql ] [ DB ] CONNECT:[ UseTime:0.014880s ] mysql:host=127.0.0.1;dbname=jfmblog;charset=utf8
[ sql ] [ SQL ] SHOW COLUMNS FROM `fa_auth_group_access` [ RunTime:0.005442s ]
[ sql ] [ SQL ] SELECT `aga`.`uid`,`aga`.`group_id`,`ag`.`id`,`ag`.`pid`,`ag`.`name`,`ag`.`rules` FROM `fa_auth_group_access` `aga` LEFT JOIN `fa_auth_group` `ag` ON `aga`.`group_id`=`ag`.`id` WHERE  (  aga.uid='1' and ag.status='normal' ) [ RunTime:0.000918s ]
[ sql ] [ SQL ] SHOW COLUMNS FROM `fa_auth_rule` [ RunTime:0.004949s ]
[ sql ] [ SQL ] SELECT `id`,`pid`,`condition`,`icon`,`name`,`title`,`ismenu` FROM `fa_auth_rule` WHERE  `status` = 'normal' [ RunTime:0.001128s ]
[ sql ] [ SQL ] SHOW COLUMNS FROM `fa_blog_category` [ RunTime:0.005001s ]
[ sql ] [ SQL ] SELECT * FROM `fa_blog_category` ORDER BY `weigh` DESC,`id` DESC [ RunTime:0.000978s ]
[ sql ] [ SQL ] SELECT COUNT(*) AS tp_count FROM `fa_blog_category` ORDER BY `weigh` DESC LIMIT 1 [ RunTime:0.000725s ]
[ sql ] [ SQL ] SELECT * FROM `fa_blog_category` ORDER BY `weigh` DESC LIMIT 0,10 [ RunTime:0.000693s ]
---------------------------------------------------------------
[ 2020-03-03T20:59:59+08:00 ] 127.0.0.1 GET www.jfmblog.com/
[ sql ] [ DB ] CONNECT:[ UseTime:0.003831s ] mysql:host=127.0.0.1;dbname=jfmblog;charset=utf8
[ sql ] [ SQL ] SHOW COLUMNS FROM `fa_blog_category` [ RunTime:0.013155s ]
[ sql ] [ SQL ] SELECT * FROM `fa_blog_category` WHERE  `status` = 'normal' ORDER BY `weigh` DESC,`id` DESC [ RunTime:0.001010s ]
[ sql ] [ SQL ] SHOW COLUMNS FROM `fa_blog_post` [ RunTime:0.004763s ]
[ sql ] [ SQL ] SELECT COUNT(*) AS tp_count FROM `fa_blog_post` WHERE  `status` = 'normal' LIMIT 1 [ RunTime:0.000830s ]
[ sql ] [ SQL ] SELECT * FROM `fa_blog_post` WHERE  `status` = 'normal' ORDER BY `weigh` DESC,`id` DESC LIMIT 0,10 [ RunTime:0.000873s ]
[ sql ] [ SQL ] SELECT * FROM `fa_blog_category` WHERE  `id` IN (3,2,1) [ RunTime:0.001039s ]
[ sql ] [ SQL ] SHOW COLUMNS FROM `fa_blog_block` [ RunTime:0.005045s ]
[ sql ] [ SQL ] SELECT * FROM `fa_blog_block` WHERE  `name` = 'sidebarad1'  AND `status` = 'normal' LIMIT 1 [ RunTime:0.000956s ]
[ sql ] [ SQL ] SELECT * FROM `fa_blog_block` WHERE  `name` = 'sidebarad2'  AND `status` = 'normal' LIMIT 1 [ RunTime:0.000974s ]
[ sql ] [ SQL ] SELECT * FROM `fa_blog_block` WHERE  `status` = 'normal'  AND `name` = 'indexfocus' ORDER BY `id` DESC LIMIT 5 [ RunTime:0.000926s ]
[ sql ] [ SQL ] SELECT * FROM `fa_blog_block` WHERE  `status` = 'normal'  AND `name` = 'indexsmallfocus' ORDER BY `id` DESC LIMIT 4 [ RunTime:0.000934s ]
[ sql ] [ SQL ] SELECT * FROM `fa_blog_post` WHERE  `status` = 'normal' ORDER BY `createtime` DESC LIMIT 10 [ RunTime:0.000927s ]
[ sql ] [ SQL ] SELECT * FROM `fa_blog_category` WHERE  `id` IN (3,2,1) [ RunTime:0.000995s ]
[ sql ] [ SQL ] SELECT * FROM `fa_blog_post` WHERE  `status` = 'normal'  AND (  (FIND_IN_SET('recommend', flag)) ) ORDER BY `createtime` DESC LIMIT 10 [ RunTime:0.000904s ]
[ sql ] [ SQL ] SELECT * FROM `fa_blog_category` WHERE  `id` IN (2) [ RunTime:0.000857s ]
---------------------------------------------------------------
[ 2020-03-03T21:04:00+08:00 ] 127.0.0.1 GET www.jfmblog.com/
[ sql ] [ DB ] CONNECT:[ UseTime:0.011753s ] mysql:host=127.0.0.1;dbname=jfmblog;charset=utf8
[ sql ] [ SQL ] SHOW COLUMNS FROM `fa_blog_category` [ RunTime:0.005406s ]
[ sql ] [ SQL ] SHOW COLUMNS FROM `fa_blog_post` [ RunTime:0.005094s ]
[ sql ] [ SQL ] SELECT COUNT(*) AS tp_count FROM `fa_blog_post` WHERE  `status` = 'normal' LIMIT 1 [ RunTime:0.001069s ]
[ sql ] [ SQL ] SELECT * FROM `fa_blog_post` WHERE  `status` = 'normal' ORDER BY `weigh` DESC,`id` DESC LIMIT 0,10 [ RunTime:0.001076s ]
[ sql ] [ SQL ] SELECT * FROM `fa_blog_category` WHERE  `id` IN (3,2,1) [ RunTime:0.001211s ]
[ sql ] [ SQL ] SELECT * FROM `fa_blog_category` WHERE  `id` IN (3,2,1) [ RunTime:0.001021s ]
[ sql ] [ SQL ] SELECT * FROM `fa_blog_category` WHERE  `id` IN (2) [ RunTime:0.000817s ]
