---------------------------------------------------------------
[ 2020-03-21T10:58:12+08:00 ] 127.0.0.1 GET www.jfmblog.com/
[ sql ] [ DB ] CONNECT:[ UseTime:0.066270s ] mysql:host=127.0.0.1;dbname=jfmblog;charset=utf8
[ sql ] [ SQL ] SHOW COLUMNS FROM `fa_blog_category` [ RunTime:0.013366s ]
[ sql ] [ SQL ] SHOW COLUMNS FROM `fa_blog_post` [ RunTime:0.005134s ]
[ sql ] [ SQL ] SELECT COUNT(*) AS tp_count FROM `fa_blog_post` WHERE  `status` = 'normal' LIMIT 1 [ RunTime:0.000861s ]
[ sql ] [ SQL ] SELECT * FROM `fa_blog_post` WHERE  `status` = 'normal' ORDER BY `weigh` DESC,`id` DESC LIMIT 0,10 [ RunTime:0.001384s ]
[ sql ] [ SQL ] SELECT * FROM `fa_blog_category` WHERE  `id` IN (2,5,9,7) [ RunTime:0.001227s ]
[ sql ] [ SQL ] SELECT * FROM `fa_blog_category` WHERE  `id` IN (4,3) [ RunTime:0.000954s ]
---------------------------------------------------------------
[ 2020-03-21T10:58:24+08:00 ] 127.0.0.1 GET www.jfmblog.com/
[ sql ] [ DB ] CONNECT:[ UseTime:0.005280s ] mysql:host=127.0.0.1;dbname=jfmblog;charset=utf8
[ sql ] [ SQL ] SHOW COLUMNS FROM `fa_blog_category` [ RunTime:0.006402s ]
[ sql ] [ SQL ] SHOW COLUMNS FROM `fa_blog_post` [ RunTime:0.005148s ]
[ sql ] [ SQL ] SELECT COUNT(*) AS tp_count FROM `fa_blog_post` WHERE  `status` = 'normal' LIMIT 1 [ RunTime:0.000842s ]
[ sql ] [ SQL ] SELECT * FROM `fa_blog_post` WHERE  `status` = 'normal' ORDER BY `weigh` DESC,`id` DESC LIMIT 0,10 [ RunTime:0.001306s ]
[ sql ] [ SQL ] SELECT * FROM `fa_blog_category` WHERE  `id` IN (2,5,9,7) [ RunTime:0.001152s ]
[ sql ] [ SQL ] SELECT * FROM `fa_blog_category` WHERE  `id` IN (4,3) [ RunTime:0.000871s ]
---------------------------------------------------------------
[ 2020-03-21T11:00:47+08:00 ] 127.0.0.1 GET www.jfmblog.com/
[ sql ] [ DB ] CONNECT:[ UseTime:0.011462s ] mysql:host=127.0.0.1;dbname=jfmblog;charset=utf8
[ sql ] [ SQL ] SHOW COLUMNS FROM `fa_blog_category` [ RunTime:0.012548s ]
[ sql ] [ SQL ] SHOW COLUMNS FROM `fa_blog_post` [ RunTime:0.005183s ]
[ sql ] [ SQL ] SELECT COUNT(*) AS tp_count FROM `fa_blog_post` WHERE  `status` = 'normal' LIMIT 1 [ RunTime:0.000879s ]
[ sql ] [ SQL ] SELECT * FROM `fa_blog_post` WHERE  `status` = 'normal' ORDER BY `weigh` DESC,`id` DESC LIMIT 0,10 [ RunTime:0.001316s ]
[ sql ] [ SQL ] SELECT * FROM `fa_blog_category` WHERE  `id` IN (2,5,9,7) [ RunTime:0.001172s ]
[ sql ] [ SQL ] SELECT * FROM `fa_blog_category` WHERE  `id` IN (4,3) [ RunTime:0.001012s ]
---------------------------------------------------------------
[ 2020-03-21T11:00:53+08:00 ] 127.0.0.1 GET www.jfmblog.com/
[ sql ] [ DB ] CONNECT:[ UseTime:0.014541s ] mysql:host=127.0.0.1;dbname=jfmblog;charset=utf8
[ sql ] [ SQL ] SHOW COLUMNS FROM `fa_blog_category` [ RunTime:0.012463s ]
[ sql ] [ SQL ] SHOW COLUMNS FROM `fa_blog_post` [ RunTime:0.005297s ]
[ sql ] [ SQL ] SELECT COUNT(*) AS tp_count FROM `fa_blog_post` WHERE  `status` = 'normal' LIMIT 1 [ RunTime:0.001036s ]
[ sql ] [ SQL ] SELECT * FROM `fa_blog_post` WHERE  `status` = 'normal' ORDER BY `weigh` DESC,`id` DESC LIMIT 0,10 [ RunTime:0.001238s ]
[ sql ] [ SQL ] SELECT * FROM `fa_blog_category` WHERE  `id` IN (2,5,9,7) [ RunTime:0.001217s ]
[ sql ] [ SQL ] SELECT * FROM `fa_blog_category` WHERE  `id` IN (4,3) [ RunTime:0.000862s ]
---------------------------------------------------------------
[ 2020-03-21T11:00:58+08:00 ] 127.0.0.1 GET www.jfmblog.com/
[ sql ] [ DB ] CONNECT:[ UseTime:0.012050s ] mysql:host=127.0.0.1;dbname=jfmblog;charset=utf8
[ sql ] [ SQL ] SHOW COLUMNS FROM `fa_blog_category` [ RunTime:0.012665s ]
[ sql ] [ SQL ] SHOW COLUMNS FROM `fa_blog_post` [ RunTime:0.005240s ]
[ sql ] [ SQL ] SELECT COUNT(*) AS tp_count FROM `fa_blog_post` WHERE  `status` = 'normal' LIMIT 1 [ RunTime:0.000793s ]
[ sql ] [ SQL ] SELECT * FROM `fa_blog_post` WHERE  `status` = 'normal' ORDER BY `weigh` DESC,`id` DESC LIMIT 0,10 [ RunTime:0.001244s ]
[ sql ] [ SQL ] SELECT * FROM `fa_blog_category` WHERE  `id` IN (2,5,9,7) [ RunTime:0.001157s ]
[ sql ] [ SQL ] SELECT * FROM `fa_blog_category` WHERE  `id` IN (4,3) [ RunTime:0.000995s ]
---------------------------------------------------------------
[ 2020-03-21T11:01:06+08:00 ] 127.0.0.1 GET www.jfmblog.com/?page=2
[ sql ] [ DB ] CONNECT:[ UseTime:0.012339s ] mysql:host=127.0.0.1;dbname=jfmblog;charset=utf8
[ sql ] [ SQL ] SHOW COLUMNS FROM `fa_blog_category` [ RunTime:0.012802s ]
[ sql ] [ SQL ] SHOW COLUMNS FROM `fa_blog_post` [ RunTime:0.005367s ]
[ sql ] [ SQL ] SELECT COUNT(*) AS tp_count FROM `fa_blog_post` WHERE  `status` = 'normal' LIMIT 1 [ RunTime:0.000806s ]
[ sql ] [ SQL ] SELECT * FROM `fa_blog_post` WHERE  `status` = 'normal' ORDER BY `weigh` DESC,`id` DESC LIMIT 10,10 [ RunTime:0.001019s ]
[ sql ] [ SQL ] SELECT * FROM `fa_blog_category` WHERE  `id` IN (4,9) [ RunTime:0.000981s ]
[ sql ] [ SQL ] SELECT * FROM `fa_blog_category` WHERE  `id` IN (4,3) [ RunTime:0.000888s ]
---------------------------------------------------------------
[ 2020-03-21T11:02:24+08:00 ] 127.0.0.1 GET www.jfmblog.com/?page=2
[ error ] [1049]SQLSTATE[HY000] [1049] Unknown database 'jfmblog'
---------------------------------------------------------------
[ 2020-03-21T11:03:09+08:00 ] 127.0.0.1 GET www.jfmblog.com/?page=2
[ sql ] [ DB ] CONNECT:[ UseTime:0.011871s ] mysql:host=127.0.0.1;dbname=jfmblog;charset=utf8
[ sql ] [ SQL ] SHOW COLUMNS FROM `fa_blog_category` [ RunTime:0.012556s ]
[ sql ] [ SQL ] SHOW COLUMNS FROM `fa_blog_post` [ RunTime:0.005128s ]
[ sql ] [ SQL ] SELECT COUNT(*) AS tp_count FROM `fa_blog_post` WHERE  `status` = 'normal' LIMIT 1 [ RunTime:0.000886s ]
[ sql ] [ SQL ] SELECT * FROM `fa_blog_post` WHERE  `status` = 'normal' ORDER BY `weigh` DESC,`id` DESC LIMIT 10,10 [ RunTime:0.000975s ]
[ sql ] [ SQL ] SELECT * FROM `fa_blog_category` WHERE  `id` IN (4,9) [ RunTime:0.000958s ]
[ sql ] [ SQL ] SELECT * FROM `fa_blog_category` WHERE  `id` IN (4,3) [ RunTime:0.000981s ]
---------------------------------------------------------------
[ 2020-03-21T11:03:17+08:00 ] 127.0.0.1 GET www.jfmblog.com/?page=1
[ sql ] [ DB ] CONNECT:[ UseTime:0.011798s ] mysql:host=127.0.0.1;dbname=jfmblog;charset=utf8
[ sql ] [ SQL ] SHOW COLUMNS FROM `fa_blog_category` [ RunTime:0.012454s ]
[ sql ] [ SQL ] SHOW COLUMNS FROM `fa_blog_post` [ RunTime:0.005223s ]
[ sql ] [ SQL ] SELECT COUNT(*) AS tp_count FROM `fa_blog_post` WHERE  `status` = 'normal' LIMIT 1 [ RunTime:0.000861s ]
[ sql ] [ SQL ] SELECT * FROM `fa_blog_post` WHERE  `status` = 'normal' ORDER BY `weigh` DESC,`id` DESC LIMIT 0,10 [ RunTime:0.001266s ]
[ sql ] [ SQL ] SELECT * FROM `fa_blog_category` WHERE  `id` IN (2,5,9,7) [ RunTime:0.001172s ]
[ sql ] [ SQL ] SELECT * FROM `fa_blog_category` WHERE  `id` IN (4,3) [ RunTime:0.000922s ]
---------------------------------------------------------------
[ 2020-03-21T11:03:22+08:00 ] 127.0.0.1 GET www.jfmblog.com/c/2.html
[ sql ] [ DB ] CONNECT:[ UseTime:0.012186s ] mysql:host=127.0.0.1;dbname=jfmblog;charset=utf8
[ sql ] [ SQL ] SHOW COLUMNS FROM `fa_blog_category` [ RunTime:0.005265s ]
[ sql ] [ SQL ] SELECT * FROM `fa_blog_category` WHERE  `id` = 2 LIMIT 1 [ RunTime:0.000855s ]
[ sql ] [ SQL ] SHOW COLUMNS FROM `fa_blog_post` [ RunTime:0.005142s ]
[ sql ] [ SQL ] SELECT COUNT(*) AS tp_count FROM `fa_blog_post` WHERE  `status` = 'normal'  AND `category_id` = 2 LIMIT 1 [ RunTime:0.000924s ]
[ sql ] [ SQL ] SELECT * FROM `fa_blog_post` WHERE  `status` = 'normal'  AND `category_id` = 2 ORDER BY `weigh` DESC,`id` DESC LIMIT 0,10 [ RunTime:0.001350s ]
[ sql ] [ SQL ] SELECT * FROM `fa_blog_category` WHERE  `id` IN (2) [ RunTime:0.000835s ]
[ sql ] [ SQL ] SHOW COLUMNS FROM `fa_blog_block` [ RunTime:0.005196s ]
[ sql ] [ SQL ] SELECT * FROM `fa_blog_category` WHERE  `id` IN (4,3) [ RunTime:0.000990s ]
---------------------------------------------------------------
[ 2020-03-21T11:03:28+08:00 ] 127.0.0.1 GET www.jfmblog.com/c/4.html
[ sql ] [ DB ] CONNECT:[ UseTime:0.013452s ] mysql:host=127.0.0.1;dbname=jfmblog;charset=utf8
[ sql ] [ SQL ] SHOW COLUMNS FROM `fa_blog_category` [ RunTime:0.012276s ]
[ sql ] [ SQL ] SELECT * FROM `fa_blog_category` WHERE  `id` = 4 LIMIT 1 [ RunTime:0.000920s ]
[ sql ] [ SQL ] SHOW COLUMNS FROM `fa_blog_post` [ RunTime:0.005279s ]
[ sql ] [ SQL ] SELECT COUNT(*) AS tp_count FROM `fa_blog_post` WHERE  `status` = 'normal'  AND `category_id` = 4 LIMIT 1 [ RunTime:0.000989s ]
[ sql ] [ SQL ] SELECT * FROM `fa_blog_post` WHERE  `status` = 'normal'  AND `category_id` = 4 ORDER BY `weigh` DESC,`id` DESC LIMIT 0,10 [ RunTime:0.001024s ]
[ sql ] [ SQL ] SELECT * FROM `fa_blog_category` WHERE  `id` IN (4) [ RunTime:0.000874s ]
[ sql ] [ SQL ] SELECT * FROM `fa_blog_category` WHERE  `id` IN (4,3) [ RunTime:0.000922s ]
---------------------------------------------------------------
[ 2020-03-21T11:03:32+08:00 ] 127.0.0.1 GET www.jfmblog.com/c/3.html
[ sql ] [ DB ] CONNECT:[ UseTime:0.012090s ] mysql:host=127.0.0.1;dbname=jfmblog;charset=utf8
[ sql ] [ SQL ] SHOW COLUMNS FROM `fa_blog_category` [ RunTime:0.005045s ]
[ sql ] [ SQL ] SELECT * FROM `fa_blog_category` WHERE  `id` = 3 LIMIT 1 [ RunTime:0.000905s ]
[ sql ] [ SQL ] SHOW COLUMNS FROM `fa_blog_post` [ RunTime:0.005049s ]
[ sql ] [ SQL ] SELECT COUNT(*) AS tp_count FROM `fa_blog_post` WHERE  `status` = 'normal'  AND `category_id` = 3 LIMIT 1 [ RunTime:0.000977s ]
[ sql ] [ SQL ] SELECT * FROM `fa_blog_post` WHERE  `status` = 'normal'  AND `category_id` = 3 ORDER BY `weigh` DESC,`id` DESC LIMIT 0,10 [ RunTime:0.000946s ]
[ sql ] [ SQL ] SELECT * FROM `fa_blog_category` WHERE  `id` IN (4,3) [ RunTime:0.001065s ]
---------------------------------------------------------------
[ 2020-03-21T11:03:35+08:00 ] 127.0.0.1 GET www.jfmblog.com/c/5.html
[ sql ] [ DB ] CONNECT:[ UseTime:0.012685s ] mysql:host=127.0.0.1;dbname=jfmblog;charset=utf8
[ sql ] [ SQL ] SHOW COLUMNS FROM `fa_blog_category` [ RunTime:0.012350s ]
[ sql ] [ SQL ] SELECT * FROM `fa_blog_category` WHERE  `id` = 5 LIMIT 1 [ RunTime:0.000905s ]
[ sql ] [ SQL ] SHOW COLUMNS FROM `fa_blog_post` [ RunTime:0.005284s ]
[ sql ] [ SQL ] SELECT COUNT(*) AS tp_count FROM `fa_blog_post` WHERE  `status` = 'normal'  AND `category_id` = 5 LIMIT 1 [ RunTime:0.000974s ]
[ sql ] [ SQL ] SELECT * FROM `fa_blog_post` WHERE  `status` = 'normal'  AND `category_id` = 5 ORDER BY `weigh` DESC,`id` DESC LIMIT 0,10 [ RunTime:0.001025s ]
[ sql ] [ SQL ] SELECT * FROM `fa_blog_category` WHERE  `id` IN (5) [ RunTime:0.000862s ]
[ sql ] [ SQL ] SELECT * FROM `fa_blog_category` WHERE  `id` IN (4,3) [ RunTime:0.000990s ]
---------------------------------------------------------------
[ 2020-03-21T11:03:38+08:00 ] 127.0.0.1 GET www.jfmblog.com/c/7.html
[ sql ] [ DB ] CONNECT:[ UseTime:0.011918s ] mysql:host=127.0.0.1;dbname=jfmblog;charset=utf8
[ sql ] [ SQL ] SHOW COLUMNS FROM `fa_blog_category` [ RunTime:0.012254s ]
[ sql ] [ SQL ] SELECT * FROM `fa_blog_category` WHERE  `id` = 7 LIMIT 1 [ RunTime:0.000918s ]
[ sql ] [ SQL ] SHOW COLUMNS FROM `fa_blog_post` [ RunTime:0.005103s ]
[ sql ] [ SQL ] SELECT COUNT(*) AS tp_count FROM `fa_blog_post` WHERE  `status` = 'normal'  AND `category_id` = 7 LIMIT 1 [ RunTime:0.000964s ]
[ sql ] [ SQL ] SELECT * FROM `fa_blog_post` WHERE  `status` = 'normal'  AND `category_id` = 7 ORDER BY `weigh` DESC,`id` DESC LIMIT 0,10 [ RunTime:0.000970s ]
[ sql ] [ SQL ] SELECT * FROM `fa_blog_category` WHERE  `id` IN (7) [ RunTime:0.000851s ]
[ sql ] [ SQL ] SELECT * FROM `fa_blog_category` WHERE  `id` IN (4,3) [ RunTime:0.000993s ]
---------------------------------------------------------------
[ 2020-03-21T11:03:42+08:00 ] 127.0.0.1 GET www.jfmblog.com/c/8.html
[ sql ] [ DB ] CONNECT:[ UseTime:0.013246s ] mysql:host=127.0.0.1;dbname=jfmblog;charset=utf8
[ sql ] [ SQL ] SHOW COLUMNS FROM `fa_blog_category` [ RunTime:0.012303s ]
[ sql ] [ SQL ] SELECT * FROM `fa_blog_category` WHERE  `id` = 8 LIMIT 1 [ RunTime:0.000905s ]
---------------------------------------------------------------
[ 2020-03-21T11:03:50+08:00 ] 127.0.0.1 GET www.jfmblog.com/c/7.html
[ sql ] [ DB ] CONNECT:[ UseTime:0.012050s ] mysql:host=127.0.0.1;dbname=jfmblog;charset=utf8
[ sql ] [ SQL ] SHOW COLUMNS FROM `fa_blog_category` [ RunTime:0.012559s ]
[ sql ] [ SQL ] SELECT * FROM `fa_blog_category` WHERE  `id` = 7 LIMIT 1 [ RunTime:0.000924s ]
[ sql ] [ SQL ] SHOW COLUMNS FROM `fa_blog_post` [ RunTime:0.005374s ]
[ sql ] [ SQL ] SELECT COUNT(*) AS tp_count FROM `fa_blog_post` WHERE  `status` = 'normal'  AND `category_id` = 7 LIMIT 1 [ RunTime:0.000978s ]
[ sql ] [ SQL ] SELECT * FROM `fa_blog_post` WHERE  `status` = 'normal'  AND `category_id` = 7 ORDER BY `weigh` DESC,`id` DESC LIMIT 0,10 [ RunTime:0.001042s ]
[ sql ] [ SQL ] SELECT * FROM `fa_blog_category` WHERE  `id` IN (7) [ RunTime:0.000756s ]
[ sql ] [ SQL ] SELECT * FROM `fa_blog_category` WHERE  `id` IN (4,3) [ RunTime:0.001006s ]
---------------------------------------------------------------
[ 2020-03-21T11:04:16+08:00 ] 127.0.0.1 POST www.jfmblog.com/admin/index/login?url=%2Fadmin
[ sql ] [ DB ] CONNECT:[ UseTime:0.005337s ] mysql:host=127.0.0.1;dbname=jfmblog;charset=utf8
[ sql ] [ SQL ] SHOW COLUMNS FROM `fa_admin` [ RunTime:0.005335s ]
[ sql ] [ SQL ] SELECT * FROM `fa_admin` WHERE  `username` = 'admin' LIMIT 1 [ RunTime:0.000797s ]
[ sql ] [ SQL ] UPDATE `fa_admin`  SET `logintime`=1584759856,`loginip`='127.0.0.1',`token`='655a62db-c561-4fd3-8731-1bdc4985d123',`updatetime`=1584759856  WHERE  `id` = 1 [ RunTime:0.059355s ]
[ sql ] [ SQL ] SHOW COLUMNS FROM `fa_admin_log` [ RunTime:0.005703s ]
[ sql ] [ SQL ] INSERT INTO `fa_admin_log` (`title` , `content` , `url` , `admin_id` , `username` , `useragent` , `ip` , `createtime`) VALUES ('登录' , '{\"url\":\"\\/admin\",\"__token__\":\"2ecbfbc0257b6331a5568a184ea5ddbf\",\"username\":\"admin\",\"captcha\":\"5ltf\"}' , '/admin/index/login?url=%2Fadmin' , 1 , 'admin' , 'Mozilla/5.0 (Windows NT 10.0; Win64; x64) AppleWebKit/537.36 (KHTML, like Gecko) Chrome/80.0.3970.5 Safari/537.36' , '127.0.0.1' , 1584759856) [ RunTime:0.063723s ]
---------------------------------------------------------------
[ 2020-03-21T11:04:17+08:00 ] 127.0.0.1 GET www.jfmblog.com/admin
[ sql ] [ DB ] CONNECT:[ UseTime:0.011368s ] mysql:host=127.0.0.1;dbname=jfmblog;charset=utf8
[ sql ] [ SQL ] SHOW COLUMNS FROM `fa_auth_group_access` [ RunTime:0.012304s ]
[ sql ] [ SQL ] SELECT `aga`.`uid`,`aga`.`group_id`,`ag`.`id`,`ag`.`pid`,`ag`.`name`,`ag`.`rules` FROM `fa_auth_group_access` `aga` LEFT JOIN `fa_auth_group` `ag` ON `aga`.`group_id`=`ag`.`id` WHERE  (  aga.uid='1' and ag.status='normal' ) [ RunTime:0.000783s ]
[ sql ] [ SQL ] SHOW COLUMNS FROM `fa_auth_rule` [ RunTime:0.005504s ]
[ sql ] [ SQL ] SELECT `id`,`pid`,`condition`,`icon`,`name`,`title`,`ismenu` FROM `fa_auth_rule` WHERE  `status` = 'normal' [ RunTime:0.001127s ]
[ sql ] [ SQL ] SELECT `name`,`pid` FROM `fa_auth_rule` WHERE  `status` = 'normal'  AND `ismenu` = 0  AND `name` LIKE '%/index' [ RunTime:0.001164s ]
---------------------------------------------------------------
[ 2020-03-21T11:04:18+08:00 ] 127.0.0.1 GET www.jfmblog.com/admin/general/config?addtabs=1
[ sql ] [ DB ] CONNECT:[ UseTime:0.012962s ] mysql:host=127.0.0.1;dbname=jfmblog;charset=utf8
[ sql ] [ SQL ] SHOW COLUMNS FROM `fa_auth_group_access` [ RunTime:0.012444s ]
[ sql ] [ SQL ] SELECT `aga`.`uid`,`aga`.`group_id`,`ag`.`id`,`ag`.`pid`,`ag`.`name`,`ag`.`rules` FROM `fa_auth_group_access` `aga` LEFT JOIN `fa_auth_group` `ag` ON `aga`.`group_id`=`ag`.`id` WHERE  (  aga.uid='1' and ag.status='normal' ) [ RunTime:0.000702s ]
[ sql ] [ SQL ] SHOW COLUMNS FROM `fa_auth_rule` [ RunTime:0.005202s ]
[ sql ] [ SQL ] SELECT `id`,`pid`,`condition`,`icon`,`name`,`title`,`ismenu` FROM `fa_auth_rule` WHERE  `status` = 'normal' [ RunTime:0.001153s ]
[ sql ] [ SQL ] SHOW COLUMNS FROM `fa_config` [ RunTime:0.005954s ]
[ sql ] [ SQL ] SELECT * FROM `fa_config` [ RunTime:0.000803s ]
[ sql ] [ SQL ] SELECT `title`,`remark` FROM `fa_auth_rule` WHERE  `name` = 'general/config' LIMIT 1 [ RunTime:0.000872s ]
---------------------------------------------------------------
[ 2020-03-21T11:04:22+08:00 ] 127.0.0.1 GET www.jfmblog.com/c/7.html
[ sql ] [ DB ] CONNECT:[ UseTime:0.012613s ] mysql:host=127.0.0.1;dbname=jfmblog;charset=utf8
[ sql ] [ SQL ] SHOW COLUMNS FROM `fa_blog_category` [ RunTime:0.012732s ]
[ sql ] [ SQL ] SELECT * FROM `fa_blog_category` WHERE  `status` = 'normal' ORDER BY `weigh` DESC,`id` DESC [ RunTime:0.000911s ]
[ sql ] [ SQL ] SELECT * FROM `fa_blog_category` WHERE  `id` = 7 LIMIT 1 [ RunTime:0.000910s ]
[ sql ] [ SQL ] SHOW COLUMNS FROM `fa_blog_post` [ RunTime:0.005443s ]
[ sql ] [ SQL ] SELECT COUNT(*) AS tp_count FROM `fa_blog_post` WHERE  `status` = 'normal'  AND `category_id` = 7 LIMIT 1 [ RunTime:0.000950s ]
[ sql ] [ SQL ] SELECT * FROM `fa_blog_post` WHERE  `status` = 'normal'  AND `category_id` = 7 ORDER BY `weigh` DESC,`id` DESC LIMIT 0,10 [ RunTime:0.001058s ]
[ sql ] [ SQL ] SELECT * FROM `fa_blog_category` WHERE  `id` IN (7) [ RunTime:0.000750s ]
[ sql ] [ SQL ] SHOW COLUMNS FROM `fa_blog_block` [ RunTime:0.005101s ]
[ sql ] [ SQL ] SELECT * FROM `fa_blog_block` WHERE  `name` = 'sidebarad1'  AND `status` = 'normal' LIMIT 1 [ RunTime:0.000900s ]
[ sql ] [ SQL ] SELECT * FROM `fa_blog_block` WHERE  `name` = 'sidebarad2'  AND `status` = 'normal' LIMIT 1 [ RunTime:0.000884s ]
[ sql ] [ SQL ] SELECT * FROM `fa_blog_post` WHERE  `status` = 'normal' ORDER BY `createtime` DESC LIMIT 10 [ RunTime:0.001207s ]
[ sql ] [ SQL ] SELECT * FROM `fa_blog_category` WHERE  `id` IN (2,5,9,7) [ RunTime:0.001167s ]
[ sql ] [ SQL ] SELECT * FROM `fa_blog_post` WHERE  `status` = 'normal'  AND (  (FIND_IN_SET('recommend', flag)) ) ORDER BY `createtime` DESC LIMIT 10 [ RunTime:0.000850s ]
[ sql ] [ SQL ] SELECT * FROM `fa_blog_category` WHERE  `id` IN (2,4) [ RunTime:0.000891s ]
---------------------------------------------------------------
[ 2020-03-21T11:04:29+08:00 ] 127.0.0.1 GET www.jfmblog.com/
[ sql ] [ DB ] CONNECT:[ UseTime:0.012042s ] mysql:host=127.0.0.1;dbname=jfmblog;charset=utf8
[ sql ] [ SQL ] SHOW COLUMNS FROM `fa_blog_category` [ RunTime:0.012505s ]
[ sql ] [ SQL ] SHOW COLUMNS FROM `fa_blog_post` [ RunTime:0.005288s ]
[ sql ] [ SQL ] SELECT COUNT(*) AS tp_count FROM `fa_blog_post` WHERE  `status` = 'normal' LIMIT 1 [ RunTime:0.000892s ]
[ sql ] [ SQL ] SELECT * FROM `fa_blog_post` WHERE  `status` = 'normal' ORDER BY `weigh` DESC,`id` DESC LIMIT 0,10 [ RunTime:0.001188s ]
[ sql ] [ SQL ] SELECT * FROM `fa_blog_category` WHERE  `id` IN (2,5,9,7) [ RunTime:0.001161s ]
[ sql ] [ SQL ] SHOW COLUMNS FROM `fa_blog_block` [ RunTime:0.006081s ]
[ sql ] [ SQL ] SELECT * FROM `fa_blog_block` WHERE  `status` = 'normal'  AND `name` = 'indexfocus' ORDER BY `id` DESC LIMIT 5 [ RunTime:0.000869s ]
[ sql ] [ SQL ] SELECT * FROM `fa_blog_block` WHERE  `status` = 'normal'  AND `name` = 'indexsmallfocus' ORDER BY `id` DESC LIMIT 4 [ RunTime:0.000891s ]
[ sql ] [ SQL ] SELECT * FROM `fa_blog_category` WHERE  `id` IN (2,5,9,7) [ RunTime:0.001076s ]
[ sql ] [ SQL ] SELECT * FROM `fa_blog_category` WHERE  `id` IN (2,4) [ RunTime:0.000871s ]
---------------------------------------------------------------
[ 2020-03-21T11:04:53+08:00 ] 127.0.0.1 GET www.jfmblog.com/archive.html
[ sql ] [ DB ] CONNECT:[ UseTime:0.005283s ] mysql:host=127.0.0.1;dbname=jfmblog;charset=utf8
[ sql ] [ SQL ] SHOW COLUMNS FROM `fa_blog_post` [ RunTime:0.012727s ]
[ sql ] [ SQL ] SELECT `id`,`title`,`createtime` FROM `fa_blog_post` WHERE  `status` = 'normal' ORDER BY `createtime` DESC [ RunTime:0.000823s ]
[ sql ] [ SQL ] SHOW COLUMNS FROM `fa_blog_block` [ RunTime:0.005369s ]
[ sql ] [ SQL ] SHOW COLUMNS FROM `fa_blog_category` [ RunTime:0.005449s ]
[ sql ] [ SQL ] SELECT * FROM `fa_blog_category` WHERE  `id` IN (2,5,9,7) [ RunTime:0.001224s ]
[ sql ] [ SQL ] SELECT * FROM `fa_blog_category` WHERE  `id` IN (2,4) [ RunTime:0.000910s ]
---------------------------------------------------------------
[ 2020-03-21T11:04:58+08:00 ] 127.0.0.1 GET www.jfmblog.com/p/1.html
[ sql ] [ DB ] CONNECT:[ UseTime:0.002775s ] mysql:host=127.0.0.1;dbname=jfmblog;charset=utf8
[ sql ] [ SQL ] SHOW COLUMNS FROM `fa_blog_post` [ RunTime:0.005389s ]
[ sql ] [ SQL ] SELECT * FROM `fa_blog_post` WHERE  `id` = 1 LIMIT 1 [ RunTime:0.000831s ]
[ sql ] [ SQL ] UPDATE `fa_blog_post`  SET `views`=`views`+1  WHERE  `id` = 1 [ RunTime:0.072032s ]
[ sql ] [ SQL ] SHOW COLUMNS FROM `fa_blog_category` [ RunTime:0.009126s ]
[ sql ] [ SQL ] SELECT * FROM `fa_blog_category` WHERE  `id` = 9 LIMIT 1 [ RunTime:0.000925s ]
[ sql ] [ SQL ] SHOW COLUMNS FROM `fa_blog_comment` [ RunTime:0.005398s ]
[ sql ] [ SQL ] SELECT COUNT(*) AS tp_count FROM `fa_blog_comment` WHERE  `post_id` = 1  AND `pid` = 0  AND `status` = 'normal' LIMIT 1 [ RunTime:0.001075s ]
[ sql ] [ SQL ] SELECT * FROM `fa_blog_comment` WHERE  `post_id` = 1  AND `pid` = 0  AND `status` = 'normal' ORDER BY `id` DESC LIMIT 0,10 [ RunTime:0.001014s ]
[ sql ] [ SQL ] SELECT * FROM `fa_blog_comment` WHERE  `pid` IN (8) [ RunTime:0.000909s ]
[ sql ] [ SQL ] SHOW COLUMNS FROM `fa_blog_block` [ RunTime:0.005686s ]
[ sql ] [ SQL ] SELECT * FROM `fa_blog_post` WHERE  `status` = 'normal' ORDER BY `createtime` DESC LIMIT 3 [ RunTime:0.000946s ]
[ sql ] [ SQL ] SELECT * FROM `fa_blog_category` WHERE  `id` IN (2,5) [ RunTime:0.000959s ]
[ sql ] [ SQL ] SELECT * FROM `fa_blog_category` WHERE  `id` IN (2,5,9,7) [ RunTime:0.001121s ]
[ sql ] [ SQL ] SELECT * FROM `fa_blog_category` WHERE  `id` IN (2,4) [ RunTime:0.000868s ]
---------------------------------------------------------------
[ 2020-03-21T11:05:01+08:00 ] 127.0.0.1 GET www.jfmblog.com/archive.html
[ sql ] [ DB ] CONNECT:[ UseTime:0.011608s ] mysql:host=127.0.0.1;dbname=jfmblog;charset=utf8
[ sql ] [ SQL ] SHOW COLUMNS FROM `fa_blog_category` [ RunTime:0.005291s ]
[ sql ] [ SQL ] SELECT * FROM `fa_blog_category` WHERE  `id` IN (2,5,9,7) [ RunTime:0.001235s ]
[ sql ] [ SQL ] SELECT * FROM `fa_blog_category` WHERE  `id` IN (2,4) [ RunTime:0.001009s ]
---------------------------------------------------------------
[ 2020-03-21T11:05:07+08:00 ] 127.0.0.1 GET www.jfmblog.com/
[ sql ] [ DB ] CONNECT:[ UseTime:0.011660s ] mysql:host=127.0.0.1;dbname=jfmblog;charset=utf8
[ sql ] [ SQL ] SHOW COLUMNS FROM `fa_blog_category` [ RunTime:0.012565s ]
[ sql ] [ SQL ] SHOW COLUMNS FROM `fa_blog_post` [ RunTime:0.005222s ]
[ sql ] [ SQL ] SELECT COUNT(*) AS tp_count FROM `fa_blog_post` WHERE  `status` = 'normal' LIMIT 1 [ RunTime:0.000887s ]
[ sql ] [ SQL ] SELECT * FROM `fa_blog_post` WHERE  `status` = 'normal' ORDER BY `weigh` DESC,`id` DESC LIMIT 0,10 [ RunTime:0.001259s ]
[ sql ] [ SQL ] SELECT * FROM `fa_blog_category` WHERE  `id` IN (2,5,9,7) [ RunTime:0.001139s ]
[ sql ] [ SQL ] SELECT * FROM `fa_blog_category` WHERE  `id` IN (2,5,9,7) [ RunTime:0.001183s ]
[ sql ] [ SQL ] SELECT * FROM `fa_blog_category` WHERE  `id` IN (2,4) [ RunTime:0.000867s ]
---------------------------------------------------------------
[ 2020-03-21T12:05:09+08:00 ] 127.0.0.1 GET www.jfmblog.com/?page=2
[ sql ] [ DB ] CONNECT:[ UseTime:0.015739s ] mysql:host=127.0.0.1;dbname=jfmblog;charset=utf8
[ sql ] [ SQL ] SHOW COLUMNS FROM `fa_blog_category` [ RunTime:0.006430s ]
[ sql ] [ SQL ] SHOW COLUMNS FROM `fa_blog_post` [ RunTime:0.005431s ]
[ sql ] [ SQL ] SELECT COUNT(*) AS tp_count FROM `fa_blog_post` WHERE  `status` = 'normal' LIMIT 1 [ RunTime:0.001048s ]
[ sql ] [ SQL ] SELECT * FROM `fa_blog_post` WHERE  `status` = 'normal' ORDER BY `weigh` DESC,`id` DESC LIMIT 10,10 [ RunTime:0.001079s ]
[ sql ] [ SQL ] SELECT * FROM `fa_blog_category` WHERE  `id` IN (4,9) [ RunTime:0.000996s ]
[ sql ] [ SQL ] SELECT * FROM `fa_blog_category` WHERE  `id` IN (2,5,9,7) [ RunTime:0.001142s ]
[ sql ] [ SQL ] SELECT * FROM `fa_blog_category` WHERE  `id` IN (2,4) [ RunTime:0.000987s ]
---------------------------------------------------------------
[ 2020-03-21T12:05:12+08:00 ] 127.0.0.1 GET www.jfmblog.com/p/10.html
[ sql ] [ DB ] CONNECT:[ UseTime:0.011701s ] mysql:host=127.0.0.1;dbname=jfmblog;charset=utf8
[ sql ] [ SQL ] SHOW COLUMNS FROM `fa_blog_post` [ RunTime:0.005969s ]
[ sql ] [ SQL ] SELECT * FROM `fa_blog_post` WHERE  `id` = 10 LIMIT 1 [ RunTime:0.000923s ]
[ sql ] [ SQL ] UPDATE `fa_blog_post`  SET `views`=`views`+1  WHERE  `id` = 10 [ RunTime:0.024613s ]
[ sql ] [ SQL ] SHOW COLUMNS FROM `fa_blog_category` [ RunTime:0.005349s ]
[ sql ] [ SQL ] SELECT * FROM `fa_blog_category` WHERE  `id` = 4 LIMIT 1 [ RunTime:0.000885s ]
[ sql ] [ SQL ] SHOW COLUMNS FROM `fa_blog_comment` [ RunTime:0.005316s ]
[ sql ] [ SQL ] SELECT COUNT(*) AS tp_count FROM `fa_blog_comment` WHERE  `post_id` = 10  AND `pid` = 0  AND `status` = 'normal' LIMIT 1 [ RunTime:0.001111s ]
[ sql ] [ SQL ] SELECT * FROM `fa_blog_comment` WHERE  `post_id` = 10  AND `pid` = 0  AND `status` = 'normal' ORDER BY `id` DESC LIMIT 0,10 [ RunTime:0.001091s ]
[ sql ] [ SQL ] SELECT * FROM `fa_blog_category` WHERE  `id` IN (2,5) [ RunTime:0.001027s ]
[ sql ] [ SQL ] SELECT * FROM `fa_blog_category` WHERE  `id` IN (2,5,9,7) [ RunTime:0.001165s ]
[ sql ] [ SQL ] SELECT * FROM `fa_blog_category` WHERE  `id` IN (2,4) [ RunTime:0.001024s ]
---------------------------------------------------------------
[ 2020-03-21T12:09:49+08:00 ] 127.0.0.1 GET www.jfmblog.com/p/9.html
[ sql ] [ DB ] CONNECT:[ UseTime:0.012562s ] mysql:host=127.0.0.1;dbname=jfmblog;charset=utf8
[ sql ] [ SQL ] SHOW COLUMNS FROM `fa_blog_post` [ RunTime:0.012463s ]
[ sql ] [ SQL ] SELECT * FROM `fa_blog_post` WHERE  `id` = 9 LIMIT 1 [ RunTime:0.000976s ]
[ sql ] [ SQL ] UPDATE `fa_blog_post`  SET `views`=`views`+1  WHERE  `id` = 9 [ RunTime:0.035108s ]
[ sql ] [ SQL ] SHOW COLUMNS FROM `fa_blog_category` [ RunTime:0.005794s ]
[ sql ] [ SQL ] SELECT * FROM `fa_blog_category` WHERE  `id` = 4 LIMIT 1 [ RunTime:0.000815s ]
[ sql ] [ SQL ] SHOW COLUMNS FROM `fa_blog_comment` [ RunTime:0.005171s ]
[ sql ] [ SQL ] SELECT COUNT(*) AS tp_count FROM `fa_blog_comment` WHERE  `post_id` = 9  AND `pid` = 0  AND `status` = 'normal' LIMIT 1 [ RunTime:0.001081s ]
[ sql ] [ SQL ] SELECT * FROM `fa_blog_comment` WHERE  `post_id` = 9  AND `pid` = 0  AND `status` = 'normal' ORDER BY `id` DESC LIMIT 0,10 [ RunTime:0.001035s ]
[ sql ] [ SQL ] SELECT * FROM `fa_blog_category` WHERE  `id` IN (2,5) [ RunTime:0.001001s ]
[ sql ] [ SQL ] SELECT * FROM `fa_blog_category` WHERE  `id` IN (2,5,9,7) [ RunTime:0.001191s ]
[ sql ] [ SQL ] SELECT * FROM `fa_blog_category` WHERE  `id` IN (2,4) [ RunTime:0.000886s ]
---------------------------------------------------------------
[ 2020-03-21T12:15:47+08:00 ] 127.0.0.1 GET www.jfmblog.com/p/10.html
[ sql ] [ DB ] CONNECT:[ UseTime:0.005401s ] mysql:host=127.0.0.1;dbname=jfmblog;charset=utf8
[ sql ] [ SQL ] SHOW COLUMNS FROM `fa_blog_post` [ RunTime:0.012527s ]
[ sql ] [ SQL ] SELECT * FROM `fa_blog_post` WHERE  `id` = 10 LIMIT 1 [ RunTime:0.000907s ]
[ sql ] [ SQL ] UPDATE `fa_blog_post`  SET `views`=`views`+1  WHERE  `id` = 10 [ RunTime:0.051122s ]
[ sql ] [ SQL ] SHOW COLUMNS FROM `fa_blog_category` [ RunTime:0.006634s ]
[ sql ] [ SQL ] SELECT * FROM `fa_blog_category` WHERE  `id` = 4 LIMIT 1 [ RunTime:0.000990s ]
[ sql ] [ SQL ] SHOW COLUMNS FROM `fa_blog_comment` [ RunTime:0.005317s ]
[ sql ] [ SQL ] SELECT COUNT(*) AS tp_count FROM `fa_blog_comment` WHERE  `post_id` = 10  AND `pid` = 0  AND `status` = 'normal' LIMIT 1 [ RunTime:0.001052s ]
[ sql ] [ SQL ] SELECT * FROM `fa_blog_comment` WHERE  `post_id` = 10  AND `pid` = 0  AND `status` = 'normal' ORDER BY `id` DESC LIMIT 0,10 [ RunTime:0.001027s ]
[ sql ] [ SQL ] SELECT * FROM `fa_blog_category` WHERE  `id` IN (2,5) [ RunTime:0.000975s ]
[ sql ] [ SQL ] SELECT * FROM `fa_blog_category` WHERE  `id` IN (2,5,9,7) [ RunTime:0.001067s ]
[ sql ] [ SQL ] SELECT * FROM `fa_blog_category` WHERE  `id` IN (2,4) [ RunTime:0.000888s ]
---------------------------------------------------------------
[ 2020-03-21T12:18:14+08:00 ] 127.0.0.1 GET www.jfmblog.com/p/9.html
[ sql ] [ DB ] CONNECT:[ UseTime:0.012331s ] mysql:host=127.0.0.1;dbname=jfmblog;charset=utf8
[ sql ] [ SQL ] SHOW COLUMNS FROM `fa_blog_post` [ RunTime:0.012737s ]
[ sql ] [ SQL ] SELECT * FROM `fa_blog_post` WHERE  `id` = 9 LIMIT 1 [ RunTime:0.000941s ]
[ sql ] [ SQL ] UPDATE `fa_blog_post`  SET `views`=`views`+1  WHERE  `id` = 9 [ RunTime:0.042469s ]
[ sql ] [ SQL ] SHOW COLUMNS FROM `fa_blog_category` [ RunTime:0.005142s ]
[ sql ] [ SQL ] SELECT * FROM `fa_blog_category` WHERE  `id` = 4 LIMIT 1 [ RunTime:0.000864s ]
[ sql ] [ SQL ] SHOW COLUMNS FROM `fa_blog_comment` [ RunTime:0.005118s ]
[ sql ] [ SQL ] SELECT COUNT(*) AS tp_count FROM `fa_blog_comment` WHERE  `post_id` = 9  AND `pid` = 0  AND `status` = 'normal' LIMIT 1 [ RunTime:0.001061s ]
[ sql ] [ SQL ] SELECT * FROM `fa_blog_comment` WHERE  `post_id` = 9  AND `pid` = 0  AND `status` = 'normal' ORDER BY `id` DESC LIMIT 0,10 [ RunTime:0.001106s ]
[ sql ] [ SQL ] SELECT * FROM `fa_blog_category` WHERE  `id` IN (2,5) [ RunTime:0.001040s ]
[ sql ] [ SQL ] SELECT * FROM `fa_blog_category` WHERE  `id` IN (2,5,9,7) [ RunTime:0.001151s ]
[ sql ] [ SQL ] SELECT * FROM `fa_blog_category` WHERE  `id` IN (2,4) [ RunTime:0.000928s ]
---------------------------------------------------------------
[ 2020-03-21T12:22:43+08:00 ] 127.0.0.1 GET www.jfmblog.com/p/10.html
[ sql ] [ DB ] CONNECT:[ UseTime:0.005389s ] mysql:host=127.0.0.1;dbname=jfmblog;charset=utf8
[ sql ] [ SQL ] SHOW COLUMNS FROM `fa_blog_post` [ RunTime:0.012341s ]
[ sql ] [ SQL ] SELECT * FROM `fa_blog_post` WHERE  `id` = 10 LIMIT 1 [ RunTime:0.000972s ]
[ sql ] [ SQL ] UPDATE `fa_blog_post`  SET `views`=`views`+1  WHERE  `id` = 10 [ RunTime:0.037163s ]
[ sql ] [ SQL ] SHOW COLUMNS FROM `fa_blog_category` [ RunTime:0.005047s ]
[ sql ] [ SQL ] SELECT * FROM `fa_blog_category` WHERE  `id` = 4 LIMIT 1 [ RunTime:0.000860s ]
[ sql ] [ SQL ] SHOW COLUMNS FROM `fa_blog_comment` [ RunTime:0.004949s ]
[ sql ] [ SQL ] SELECT COUNT(*) AS tp_count FROM `fa_blog_comment` WHERE  `post_id` = 10  AND `pid` = 0  AND `status` = 'normal' LIMIT 1 [ RunTime:0.001062s ]
[ sql ] [ SQL ] SELECT * FROM `fa_blog_comment` WHERE  `post_id` = 10  AND `pid` = 0  AND `status` = 'normal' ORDER BY `id` DESC LIMIT 0,10 [ RunTime:0.001073s ]
[ sql ] [ SQL ] SELECT * FROM `fa_blog_category` WHERE  `id` IN (2,5) [ RunTime:0.001016s ]
[ sql ] [ SQL ] SELECT * FROM `fa_blog_category` WHERE  `id` IN (2,5,9,7) [ RunTime:0.001334s ]
[ sql ] [ SQL ] SELECT * FROM `fa_blog_category` WHERE  `id` IN (2,4) [ RunTime:0.000917s ]
---------------------------------------------------------------
[ 2020-03-21T13:25:58+08:00 ] 127.0.0.1 GET www.jfmblog.com/p/9.html
[ sql ] [ DB ] CONNECT:[ UseTime:0.019373s ] mysql:host=127.0.0.1;dbname=jfmblog;charset=utf8
[ sql ] [ SQL ] SHOW COLUMNS FROM `fa_blog_post` [ RunTime:0.012548s ]
[ sql ] [ SQL ] SELECT * FROM `fa_blog_post` WHERE  `id` = 9 LIMIT 1 [ RunTime:0.000943s ]
[ sql ] [ SQL ] UPDATE `fa_blog_post`  SET `views`=`views`+1  WHERE  `id` = 9 [ RunTime:0.132509s ]
[ sql ] [ SQL ] SHOW COLUMNS FROM `fa_blog_category` [ RunTime:0.011228s ]
[ sql ] [ SQL ] SELECT * FROM `fa_blog_category` WHERE  `id` = 4 LIMIT 1 [ RunTime:0.001157s ]
[ sql ] [ SQL ] SHOW COLUMNS FROM `fa_blog_comment` [ RunTime:0.005442s ]
[ sql ] [ SQL ] SELECT COUNT(*) AS tp_count FROM `fa_blog_comment` WHERE  `post_id` = 9  AND `pid` = 0  AND `status` = 'normal' LIMIT 1 [ RunTime:0.001050s ]
[ sql ] [ SQL ] SELECT * FROM `fa_blog_comment` WHERE  `post_id` = 9  AND `pid` = 0  AND `status` = 'normal' ORDER BY `id` DESC LIMIT 0,10 [ RunTime:0.001002s ]
[ sql ] [ SQL ] SELECT * FROM `fa_blog_category` WHERE  `id` IN (2,5) [ RunTime:0.000929s ]
[ sql ] [ SQL ] SELECT * FROM `fa_blog_category` WHERE  `id` IN (2,5,9,7) [ RunTime:0.001099s ]
[ sql ] [ SQL ] SELECT * FROM `fa_blog_category` WHERE  `id` IN (2,4) [ RunTime:0.000894s ]
---------------------------------------------------------------
[ 2020-03-21T13:33:06+08:00 ] 127.0.0.1 GET www.jfmblog.com/admin/blog/post?addtabs=1
[ sql ] [ DB ] CONNECT:[ UseTime:0.014285s ] mysql:host=127.0.0.1;dbname=jfmblog;charset=utf8
[ sql ] [ SQL ] SHOW COLUMNS FROM `fa_auth_group_access` [ RunTime:0.012276s ]
[ sql ] [ SQL ] SELECT `aga`.`uid`,`aga`.`group_id`,`ag`.`id`,`ag`.`pid`,`ag`.`name`,`ag`.`rules` FROM `fa_auth_group_access` `aga` LEFT JOIN `fa_auth_group` `ag` ON `aga`.`group_id`=`ag`.`id` WHERE  (  aga.uid='1' and ag.status='normal' ) [ RunTime:0.000896s ]
[ sql ] [ SQL ] SHOW COLUMNS FROM `fa_auth_rule` [ RunTime:0.005324s ]
[ sql ] [ SQL ] SELECT `id`,`pid`,`condition`,`icon`,`name`,`title`,`ismenu` FROM `fa_auth_rule` WHERE  `status` = 'normal' [ RunTime:0.001209s ]
[ sql ] [ SQL ] SHOW COLUMNS FROM `fa_blog_category` [ RunTime:0.005227s ]
[ sql ] [ SQL ] SELECT * FROM `fa_blog_category` ORDER BY `weigh` DESC,`id` DESC [ RunTime:0.000791s ]
[ sql ] [ SQL ] SELECT `title`,`remark` FROM `fa_auth_rule` WHERE  `name` = 'blog/post' LIMIT 1 [ RunTime:0.000782s ]
---------------------------------------------------------------
[ 2020-03-21T13:33:07+08:00 ] 127.0.0.1 GET www.jfmblog.com/admin/blog/post/index?sort=weigh&order=desc&offset=0&limit=10&filter=%7B%7D&op=%7B%7D&_=1584768786318
[ sql ] [ DB ] CONNECT:[ UseTime:0.011356s ] mysql:host=127.0.0.1;dbname=jfmblog;charset=utf8
[ sql ] [ SQL ] SHOW COLUMNS FROM `fa_auth_group_access` [ RunTime:0.004808s ]
[ sql ] [ SQL ] SELECT `aga`.`uid`,`aga`.`group_id`,`ag`.`id`,`ag`.`pid`,`ag`.`name`,`ag`.`rules` FROM `fa_auth_group_access` `aga` LEFT JOIN `fa_auth_group` `ag` ON `aga`.`group_id`=`ag`.`id` WHERE  (  aga.uid='1' and ag.status='normal' ) [ RunTime:0.000791s ]
[ sql ] [ SQL ] SHOW COLUMNS FROM `fa_auth_rule` [ RunTime:0.004968s ]
[ sql ] [ SQL ] SELECT `id`,`pid`,`condition`,`icon`,`name`,`title`,`ismenu` FROM `fa_auth_rule` WHERE  `status` = 'normal' [ RunTime:0.001121s ]
[ sql ] [ SQL ] SHOW COLUMNS FROM `fa_blog_category` [ RunTime:0.005233s ]
[ sql ] [ SQL ] SELECT * FROM `fa_blog_category` ORDER BY `weigh` DESC,`id` DESC [ RunTime:0.000790s ]
[ sql ] [ SQL ] SHOW COLUMNS FROM `fa_blog_post` [ RunTime:0.005102s ]
[ sql ] [ SQL ] SELECT COUNT(*) AS tp_count FROM `fa_blog_post` `blog_post` LEFT JOIN `fa_blog_category` `category` ON `blog_post`.`category_id`=`category`.`id` ORDER BY `blog_post`.`weigh` DESC LIMIT 1 [ RunTime:0.000770s ]
[ sql ] [ SQL ] SELECT `blog_post`.`id`,`blog_post`.`category_id`,`blog_post`.`flag`,`blog_post`.`title`,`blog_post`.`summary`,`blog_post`.`content`,`blog_post`.`thumb`,`blog_post`.`image`,`blog_post`.`keywords`,`blog_post`.`description`,`blog_post`.`views`,`blog_post`.`comments`,`blog_post`.`createtime`,`blog_post`.`updatetime`,`blog_post`.`weigh`,`blog_post`.`status`,category.id AS category__id,category.pid AS category__pid,category.name AS category__name,category.nickname AS category__nickname,category.flag AS category__flag,category.image AS category__image,category.keywords AS category__keywords,category.description AS category__description,category.diyname AS category__diyname,category.createtime AS category__createtime,category.updatetime AS category__updatetime,category.weigh AS category__weigh,category.status AS category__status FROM `fa_blog_post` `blog_post` LEFT JOIN `fa_blog_category` `category` ON `blog_post`.`category_id`=`category`.`id` ORDER BY `blog_post`.`weigh` DESC LIMIT 0,10 [ RunTime:0.001222s ]
---------------------------------------------------------------
[ 2020-03-21T13:33:14+08:00 ] 127.0.0.1 GET www.jfmblog.com/admin/blog/post/index?sort=weigh&order=desc&offset=10&limit=10&filter=%7B%7D&op=%7B%7D&_=1584768786319
[ sql ] [ DB ] CONNECT:[ UseTime:0.011712s ] mysql:host=127.0.0.1;dbname=jfmblog;charset=utf8
[ sql ] [ SQL ] SHOW COLUMNS FROM `fa_auth_group_access` [ RunTime:0.004819s ]
[ sql ] [ SQL ] SELECT `aga`.`uid`,`aga`.`group_id`,`ag`.`id`,`ag`.`pid`,`ag`.`name`,`ag`.`rules` FROM `fa_auth_group_access` `aga` LEFT JOIN `fa_auth_group` `ag` ON `aga`.`group_id`=`ag`.`id` WHERE  (  aga.uid='1' and ag.status='normal' ) [ RunTime:0.000764s ]
[ sql ] [ SQL ] SHOW COLUMNS FROM `fa_auth_rule` [ RunTime:0.005247s ]
[ sql ] [ SQL ] SELECT `id`,`pid`,`condition`,`icon`,`name`,`title`,`ismenu` FROM `fa_auth_rule` WHERE  `status` = 'normal' [ RunTime:0.001159s ]
[ sql ] [ SQL ] SHOW COLUMNS FROM `fa_blog_category` [ RunTime:0.005034s ]
[ sql ] [ SQL ] SELECT * FROM `fa_blog_category` ORDER BY `weigh` DESC,`id` DESC [ RunTime:0.000719s ]
[ sql ] [ SQL ] SHOW COLUMNS FROM `fa_blog_post` [ RunTime:0.005121s ]
[ sql ] [ SQL ] SELECT COUNT(*) AS tp_count FROM `fa_blog_post` `blog_post` LEFT JOIN `fa_blog_category` `category` ON `blog_post`.`category_id`=`category`.`id` ORDER BY `blog_post`.`weigh` DESC LIMIT 1 [ RunTime:0.000708s ]
[ sql ] [ SQL ] SELECT `blog_post`.`id`,`blog_post`.`category_id`,`blog_post`.`flag`,`blog_post`.`title`,`blog_post`.`summary`,`blog_post`.`content`,`blog_post`.`thumb`,`blog_post`.`image`,`blog_post`.`keywords`,`blog_post`.`description`,`blog_post`.`views`,`blog_post`.`comments`,`blog_post`.`createtime`,`blog_post`.`updatetime`,`blog_post`.`weigh`,`blog_post`.`status`,category.id AS category__id,category.pid AS category__pid,category.name AS category__name,category.nickname AS category__nickname,category.flag AS category__flag,category.image AS category__image,category.keywords AS category__keywords,category.description AS category__description,category.diyname AS category__diyname,category.createtime AS category__createtime,category.updatetime AS category__updatetime,category.weigh AS category__weigh,category.status AS category__status FROM `fa_blog_post` `blog_post` LEFT JOIN `fa_blog_category` `category` ON `blog_post`.`category_id`=`category`.`id` ORDER BY `blog_post`.`weigh` DESC LIMIT 10,10 [ RunTime:0.000900s ]
---------------------------------------------------------------
[ 2020-03-21T13:33:18+08:00 ] 127.0.0.1 GET www.jfmblog.com/admin/blog/post/edit/ids/9?dialog=1
[ sql ] [ DB ] CONNECT:[ UseTime:0.012533s ] mysql:host=127.0.0.1;dbname=jfmblog;charset=utf8
[ sql ] [ SQL ] SHOW COLUMNS FROM `fa_auth_group_access` [ RunTime:0.005440s ]
[ sql ] [ SQL ] SELECT `aga`.`uid`,`aga`.`group_id`,`ag`.`id`,`ag`.`pid`,`ag`.`name`,`ag`.`rules` FROM `fa_auth_group_access` `aga` LEFT JOIN `fa_auth_group` `ag` ON `aga`.`group_id`=`ag`.`id` WHERE  (  aga.uid='1' and ag.status='normal' ) [ RunTime:0.000765s ]
[ sql ] [ SQL ] SHOW COLUMNS FROM `fa_auth_rule` [ RunTime:0.005345s ]
[ sql ] [ SQL ] SELECT `id`,`pid`,`condition`,`icon`,`name`,`title`,`ismenu` FROM `fa_auth_rule` WHERE  `status` = 'normal' [ RunTime:0.001154s ]
[ sql ] [ SQL ] SHOW COLUMNS FROM `fa_blog_category` [ RunTime:0.005081s ]
[ sql ] [ SQL ] SELECT * FROM `fa_blog_category` ORDER BY `weigh` DESC,`id` DESC [ RunTime:0.000731s ]
[ sql ] [ SQL ] SHOW COLUMNS FROM `fa_blog_post` [ RunTime:0.005346s ]
[ sql ] [ SQL ] SELECT * FROM `fa_blog_post` WHERE  `id` = 9 LIMIT 1 [ RunTime:0.001047s ]
---------------------------------------------------------------
[ 2020-03-21T13:33:36+08:00 ] 127.0.0.1 POST www.jfmblog.com/admin/blog/post/edit/ids/9?dialog=1
[ sql ] [ DB ] CONNECT:[ UseTime:0.012077s ] mysql:host=127.0.0.1;dbname=jfmblog;charset=utf8
[ sql ] [ SQL ] SHOW COLUMNS FROM `fa_auth_group_access` [ RunTime:0.012427s ]
[ sql ] [ SQL ] SELECT `aga`.`uid`,`aga`.`group_id`,`ag`.`id`,`ag`.`pid`,`ag`.`name`,`ag`.`rules` FROM `fa_auth_group_access` `aga` LEFT JOIN `fa_auth_group` `ag` ON `aga`.`group_id`=`ag`.`id` WHERE  (  aga.uid='1' and ag.status='normal' ) [ RunTime:0.000791s ]
[ sql ] [ SQL ] SHOW COLUMNS FROM `fa_auth_rule` [ RunTime:0.005347s ]
[ sql ] [ SQL ] SELECT `id`,`pid`,`condition`,`icon`,`name`,`title`,`ismenu` FROM `fa_auth_rule` WHERE  `status` = 'normal' [ RunTime:0.001197s ]
[ sql ] [ SQL ] SHOW COLUMNS FROM `fa_blog_category` [ RunTime:0.005026s ]
[ sql ] [ SQL ] SELECT * FROM `fa_blog_category` ORDER BY `weigh` DESC,`id` DESC [ RunTime:0.000731s ]
[ sql ] [ SQL ] SHOW COLUMNS FROM `fa_blog_post` [ RunTime:0.005223s ]
[ sql ] [ SQL ] SELECT * FROM `fa_blog_post` WHERE  `id` = 9 LIMIT 1 [ RunTime:0.000849s ]
[ sql ] [ SQL ] UPDATE `fa_blog_post`  SET `content`='<p>1.添加用户组</p><pre><code>groupadd users</code></pre><p>2. 添加用户</p><pre><code>useradd -g users -m &lt;用户名&gt;</code></pre><p>3.给/etc/sudoers 添加写的权限</p><pre><code>chmod u+w /etc/sudoers<br></code></pre><p>4.修改sudoers文件</p><pre><code>root ALL=(ALL:ALL) ALL\r\n&lt;用户名&gt; ALL=(ALL:ALL) ALL<br></code></pre><p>5.撤销sudoers文件的权限。</p><pre><code>chmod u-w /etc/sudoers</code></pre>',`comments`=0,`updatetime`=1584768815  WHERE  `id` = 9 [ RunTime:0.001190s ]
[ sql ] [ SQL ] SHOW COLUMNS FROM `fa_admin_log` [ RunTime:0.005339s ]
[ sql ] [ SQL ] INSERT INTO `fa_admin_log` (`title` , `content` , `url` , `admin_id` , `username` , `useragent` , `ip` , `createtime`) VALUES ('博客管理 日志管理 修改' , '{\"dialog\":\"1\",\"row\":{\"category_id\":\"4\",\"title\":\"\\u5176\\u4ed6\\u7528\\u6237\\u4f7f\\u7528sudo\",\"summary\":\"\\u5176\\u4ed6\\u7528\\u6237\\u4f7f\\u7528sudo\",\"content\":\"1.\\u6dfb\\u52a0\\u7528\\u6237\\u7ec4groupadd users2. \\u6dfb\\u52a0\\u7528\\u6237useradd -g users -m &amp;lt;\\u7528\\u6237\\u540d&amp;gt;3.\\u7ed9\\/etc\\/sudoers \\u6dfb\\u52a0\\u5199\\u7684\\u6743\\u9650chmod u+w \\/etc\\/sudoers4.\\u4fee\\u6539sudoers\\u6587\\u4ef6root ALL=(ALL:ALL) ALL\\r\\n&amp;lt;\\u7528\\u6237\\u540d&amp;gt; ALL=(ALL:ALL) ALL5.\\u64a4\\u9500sudoers\\u6587\\u4ef6\\u7684\\u6743\\u9650\\u3002chmod u-w \\/etc\\/sudoers\",\"thumb\":\"\\/uploads\\/20200316\\/db74b8da42ba4596daf97bf9519a7e7e.jpg\",\"image\":\"\\/uploads\\/20200316\\/db74b8da42ba4596daf97bf9519a7e7e.jpg\",\"keywords\":\"\",\"description\":\"\",\"views\":\"7\",\"comments\":\"0\",\"weigh\":\"9\",\"status\":\"normal\",\"flag\":[\"\"]},\"ids\":\"9\"}' , '/admin/blog/post/edit/ids/9?dialog=1' , 1 , 'admin' , 'Mozilla/5.0 (Windows NT 10.0; Win64; x64) AppleWebKit/537.36 (KHTML, like Gecko) Chrome/80.0.3970.5 Safari/537.36' , '127.0.0.1' , 1584768816) [ RunTime:0.084308s ]
---------------------------------------------------------------
[ 2020-03-21T13:33:36+08:00 ] 127.0.0.1 GET www.jfmblog.com/admin/blog/post/index?sort=weigh&order=desc&offset=10&limit=10&filter=%7B%7D&op=%7B%7D&_=1584768786320
[ sql ] [ DB ] CONNECT:[ UseTime:0.003117s ] mysql:host=127.0.0.1;dbname=jfmblog;charset=utf8
[ sql ] [ SQL ] SHOW COLUMNS FROM `fa_auth_group_access` [ RunTime:0.012638s ]
[ sql ] [ SQL ] SELECT `aga`.`uid`,`aga`.`group_id`,`ag`.`id`,`ag`.`pid`,`ag`.`name`,`ag`.`rules` FROM `fa_auth_group_access` `aga` LEFT JOIN `fa_auth_group` `ag` ON `aga`.`group_id`=`ag`.`id` WHERE  (  aga.uid='1' and ag.status='normal' ) [ RunTime:0.000858s ]
[ sql ] [ SQL ] SHOW COLUMNS FROM `fa_auth_rule` [ RunTime:0.005359s ]
[ sql ] [ SQL ] SELECT `id`,`pid`,`condition`,`icon`,`name`,`title`,`ismenu` FROM `fa_auth_rule` WHERE  `status` = 'normal' [ RunTime:0.001171s ]
[ sql ] [ SQL ] SHOW COLUMNS FROM `fa_blog_category` [ RunTime:0.005170s ]
[ sql ] [ SQL ] SELECT * FROM `fa_blog_category` ORDER BY `weigh` DESC,`id` DESC [ RunTime:0.000713s ]
[ sql ] [ SQL ] SHOW COLUMNS FROM `fa_blog_post` [ RunTime:0.005115s ]
[ sql ] [ SQL ] SELECT COUNT(*) AS tp_count FROM `fa_blog_post` `blog_post` LEFT JOIN `fa_blog_category` `category` ON `blog_post`.`category_id`=`category`.`id` ORDER BY `blog_post`.`weigh` DESC LIMIT 1 [ RunTime:0.000808s ]
[ sql ] [ SQL ] SELECT `blog_post`.`id`,`blog_post`.`category_id`,`blog_post`.`flag`,`blog_post`.`title`,`blog_post`.`summary`,`blog_post`.`content`,`blog_post`.`thumb`,`blog_post`.`image`,`blog_post`.`keywords`,`blog_post`.`description`,`blog_post`.`views`,`blog_post`.`comments`,`blog_post`.`createtime`,`blog_post`.`updatetime`,`blog_post`.`weigh`,`blog_post`.`status`,category.id AS category__id,category.pid AS category__pid,category.name AS category__name,category.nickname AS category__nickname,category.flag AS category__flag,category.image AS category__image,category.keywords AS category__keywords,category.description AS category__description,category.diyname AS category__diyname,category.createtime AS category__createtime,category.updatetime AS category__updatetime,category.weigh AS category__weigh,category.status AS category__status FROM `fa_blog_post` `blog_post` LEFT JOIN `fa_blog_category` `category` ON `blog_post`.`category_id`=`category`.`id` ORDER BY `blog_post`.`weigh` DESC LIMIT 10,10 [ RunTime:0.000994s ]
---------------------------------------------------------------
[ 2020-03-21T13:33:42+08:00 ] 127.0.0.1 GET www.jfmblog.com/admin/blog/post?ref=addtabs
[ sql ] [ DB ] CONNECT:[ UseTime:0.011766s ] mysql:host=127.0.0.1;dbname=jfmblog;charset=utf8
[ sql ] [ SQL ] SHOW COLUMNS FROM `fa_auth_group_access` [ RunTime:0.012109s ]
[ sql ] [ SQL ] SELECT `aga`.`uid`,`aga`.`group_id`,`ag`.`id`,`ag`.`pid`,`ag`.`name`,`ag`.`rules` FROM `fa_auth_group_access` `aga` LEFT JOIN `fa_auth_group` `ag` ON `aga`.`group_id`=`ag`.`id` WHERE  (  aga.uid='1' and ag.status='normal' ) [ RunTime:0.000778s ]
[ sql ] [ SQL ] SHOW COLUMNS FROM `fa_auth_rule` [ RunTime:0.005027s ]
[ sql ] [ SQL ] SELECT `id`,`pid`,`condition`,`icon`,`name`,`title`,`ismenu` FROM `fa_auth_rule` WHERE  `status` = 'normal' [ RunTime:0.001092s ]
---------------------------------------------------------------
[ 2020-03-21T13:33:42+08:00 ] 127.0.0.1 GET www.jfmblog.com/admin/index/index
[ sql ] [ DB ] CONNECT:[ UseTime:0.014302s ] mysql:host=127.0.0.1;dbname=jfmblog;charset=utf8
[ sql ] [ SQL ] SHOW COLUMNS FROM `fa_auth_group_access` [ RunTime:0.008764s ]
[ sql ] [ SQL ] SELECT `aga`.`uid`,`aga`.`group_id`,`ag`.`id`,`ag`.`pid`,`ag`.`name`,`ag`.`rules` FROM `fa_auth_group_access` `aga` LEFT JOIN `fa_auth_group` `ag` ON `aga`.`group_id`=`ag`.`id` WHERE  (  aga.uid='1' and ag.status='normal' ) [ RunTime:0.000915s ]
[ sql ] [ SQL ] SHOW COLUMNS FROM `fa_auth_rule` [ RunTime:0.005401s ]
[ sql ] [ SQL ] SELECT `id`,`pid`,`condition`,`icon`,`name`,`title`,`ismenu` FROM `fa_auth_rule` WHERE  `status` = 'normal' [ RunTime:0.001056s ]
[ sql ] [ SQL ] SELECT * FROM `fa_auth_rule` WHERE  `status` = 'normal'  AND `ismenu` = 1 ORDER BY `weigh` DESC [ RunTime:0.001081s ]
[ sql ] [ SQL ] SELECT `name`,`pid` FROM `fa_auth_rule` WHERE  `status` = 'normal'  AND `ismenu` = 0  AND `name` LIKE '%/index' [ RunTime:0.001014s ]
---------------------------------------------------------------
[ 2020-03-21T13:33:43+08:00 ] 127.0.0.1 GET www.jfmblog.com/admin/blog/post?addtabs=1
[ sql ] [ DB ] CONNECT:[ UseTime:0.012094s ] mysql:host=127.0.0.1;dbname=jfmblog;charset=utf8
[ sql ] [ SQL ] SHOW COLUMNS FROM `fa_auth_group_access` [ RunTime:0.005180s ]
[ sql ] [ SQL ] SELECT `aga`.`uid`,`aga`.`group_id`,`ag`.`id`,`ag`.`pid`,`ag`.`name`,`ag`.`rules` FROM `fa_auth_group_access` `aga` LEFT JOIN `fa_auth_group` `ag` ON `aga`.`group_id`=`ag`.`id` WHERE  (  aga.uid='1' and ag.status='normal' ) [ RunTime:0.000764s ]
[ sql ] [ SQL ] SHOW COLUMNS FROM `fa_auth_rule` [ RunTime:0.005161s ]
[ sql ] [ SQL ] SELECT `id`,`pid`,`condition`,`icon`,`name`,`title`,`ismenu` FROM `fa_auth_rule` WHERE  `status` = 'normal' [ RunTime:0.001135s ]
[ sql ] [ SQL ] SHOW COLUMNS FROM `fa_blog_category` [ RunTime:0.005168s ]
[ sql ] [ SQL ] SELECT * FROM `fa_blog_category` ORDER BY `weigh` DESC,`id` DESC [ RunTime:0.000928s ]
[ sql ] [ SQL ] SELECT `title`,`remark` FROM `fa_auth_rule` WHERE  `name` = 'blog/post' LIMIT 1 [ RunTime:0.000757s ]
---------------------------------------------------------------
[ 2020-03-21T13:33:43+08:00 ] 127.0.0.1 GET www.jfmblog.com/admin/blog/post/index?sort=weigh&order=desc&offset=0&limit=10&filter=%7B%7D&op=%7B%7D&_=1584768823165
[ sql ] [ DB ] CONNECT:[ UseTime:0.011500s ] mysql:host=127.0.0.1;dbname=jfmblog;charset=utf8
[ sql ] [ SQL ] SHOW COLUMNS FROM `fa_auth_group_access` [ RunTime:0.004765s ]
[ sql ] [ SQL ] SELECT `aga`.`uid`,`aga`.`group_id`,`ag`.`id`,`ag`.`pid`,`ag`.`name`,`ag`.`rules` FROM `fa_auth_group_access` `aga` LEFT JOIN `fa_auth_group` `ag` ON `aga`.`group_id`=`ag`.`id` WHERE  (  aga.uid='1' and ag.status='normal' ) [ RunTime:0.000779s ]
[ sql ] [ SQL ] SHOW COLUMNS FROM `fa_auth_rule` [ RunTime:0.005180s ]
[ sql ] [ SQL ] SELECT `id`,`pid`,`condition`,`icon`,`name`,`title`,`ismenu` FROM `fa_auth_rule` WHERE  `status` = 'normal' [ RunTime:0.001186s ]
[ sql ] [ SQL ] SHOW COLUMNS FROM `fa_blog_category` [ RunTime:0.005214s ]
[ sql ] [ SQL ] SELECT * FROM `fa_blog_category` ORDER BY `weigh` DESC,`id` DESC [ RunTime:0.000758s ]
[ sql ] [ SQL ] SHOW COLUMNS FROM `fa_blog_post` [ RunTime:0.005380s ]
[ sql ] [ SQL ] SELECT COUNT(*) AS tp_count FROM `fa_blog_post` `blog_post` LEFT JOIN `fa_blog_category` `category` ON `blog_post`.`category_id`=`category`.`id` ORDER BY `blog_post`.`weigh` DESC LIMIT 1 [ RunTime:0.000773s ]
[ sql ] [ SQL ] SELECT `blog_post`.`id`,`blog_post`.`category_id`,`blog_post`.`flag`,`blog_post`.`title`,`blog_post`.`summary`,`blog_post`.`content`,`blog_post`.`thumb`,`blog_post`.`image`,`blog_post`.`keywords`,`blog_post`.`description`,`blog_post`.`views`,`blog_post`.`comments`,`blog_post`.`createtime`,`blog_post`.`updatetime`,`blog_post`.`weigh`,`blog_post`.`status`,category.id AS category__id,category.pid AS category__pid,category.name AS category__name,category.nickname AS category__nickname,category.flag AS category__flag,category.image AS category__image,category.keywords AS category__keywords,category.description AS category__description,category.diyname AS category__diyname,category.createtime AS category__createtime,category.updatetime AS category__updatetime,category.weigh AS category__weigh,category.status AS category__status FROM `fa_blog_post` `blog_post` LEFT JOIN `fa_blog_category` `category` ON `blog_post`.`category_id`=`category`.`id` ORDER BY `blog_post`.`weigh` DESC LIMIT 0,10 [ RunTime:0.001229s ]
---------------------------------------------------------------
[ 2020-03-21T13:33:45+08:00 ] 127.0.0.1 GET www.jfmblog.com/admin/general/config?addtabs=1
[ sql ] [ DB ] CONNECT:[ UseTime:0.005484s ] mysql:host=127.0.0.1;dbname=jfmblog;charset=utf8
[ sql ] [ SQL ] SHOW COLUMNS FROM `fa_auth_group_access` [ RunTime:0.006192s ]
[ sql ] [ SQL ] SELECT `aga`.`uid`,`aga`.`group_id`,`ag`.`id`,`ag`.`pid`,`ag`.`name`,`ag`.`rules` FROM `fa_auth_group_access` `aga` LEFT JOIN `fa_auth_group` `ag` ON `aga`.`group_id`=`ag`.`id` WHERE  (  aga.uid='1' and ag.status='normal' ) [ RunTime:0.000873s ]
[ sql ] [ SQL ] SHOW COLUMNS FROM `fa_auth_rule` [ RunTime:0.005072s ]
[ sql ] [ SQL ] SELECT `id`,`pid`,`condition`,`icon`,`name`,`title`,`ismenu` FROM `fa_auth_rule` WHERE  `status` = 'normal' [ RunTime:0.001152s ]
[ sql ] [ SQL ] SHOW COLUMNS FROM `fa_config` [ RunTime:0.005198s ]
[ sql ] [ SQL ] SELECT * FROM `fa_config` [ RunTime:0.000795s ]
[ sql ] [ SQL ] SELECT `title`,`remark` FROM `fa_auth_rule` WHERE  `name` = 'general/config' LIMIT 1 [ RunTime:0.000933s ]
---------------------------------------------------------------
[ 2020-03-21T13:33:45+08:00 ] 127.0.0.1 GET www.jfmblog.com/admin/blog/post/index?sort=weigh&order=desc&offset=0&limit=10&filter=%7B%7D&op=%7B%7D&_=1584768823166
[ sql ] [ DB ] CONNECT:[ UseTime:0.012843s ] mysql:host=127.0.0.1;dbname=jfmblog;charset=utf8
[ sql ] [ SQL ] SHOW COLUMNS FROM `fa_auth_group_access` [ RunTime:0.005987s ]
[ sql ] [ SQL ] SELECT `aga`.`uid`,`aga`.`group_id`,`ag`.`id`,`ag`.`pid`,`ag`.`name`,`ag`.`rules` FROM `fa_auth_group_access` `aga` LEFT JOIN `fa_auth_group` `ag` ON `aga`.`group_id`=`ag`.`id` WHERE  (  aga.uid='1' and ag.status='normal' ) [ RunTime:0.000864s ]
[ sql ] [ SQL ] SHOW COLUMNS FROM `fa_auth_rule` [ RunTime:0.005458s ]
[ sql ] [ SQL ] SELECT `id`,`pid`,`condition`,`icon`,`name`,`title`,`ismenu` FROM `fa_auth_rule` WHERE  `status` = 'normal' [ RunTime:0.001244s ]
[ sql ] [ SQL ] SHOW COLUMNS FROM `fa_blog_category` [ RunTime:0.005591s ]
[ sql ] [ SQL ] SELECT * FROM `fa_blog_category` ORDER BY `weigh` DESC,`id` DESC [ RunTime:0.000900s ]
[ sql ] [ SQL ] SHOW COLUMNS FROM `fa_blog_post` [ RunTime:0.005134s ]
[ sql ] [ SQL ] SELECT COUNT(*) AS tp_count FROM `fa_blog_post` `blog_post` LEFT JOIN `fa_blog_category` `category` ON `blog_post`.`category_id`=`category`.`id` ORDER BY `blog_post`.`weigh` DESC LIMIT 1 [ RunTime:0.000879s ]
[ sql ] [ SQL ] SELECT `blog_post`.`id`,`blog_post`.`category_id`,`blog_post`.`flag`,`blog_post`.`title`,`blog_post`.`summary`,`blog_post`.`content`,`blog_post`.`thumb`,`blog_post`.`image`,`blog_post`.`keywords`,`blog_post`.`description`,`blog_post`.`views`,`blog_post`.`comments`,`blog_post`.`createtime`,`blog_post`.`updatetime`,`blog_post`.`weigh`,`blog_post`.`status`,category.id AS category__id,category.pid AS category__pid,category.name AS category__name,category.nickname AS category__nickname,category.flag AS category__flag,category.image AS category__image,category.keywords AS category__keywords,category.description AS category__description,category.diyname AS category__diyname,category.createtime AS category__createtime,category.updatetime AS category__updatetime,category.weigh AS category__weigh,category.status AS category__status FROM `fa_blog_post` `blog_post` LEFT JOIN `fa_blog_category` `category` ON `blog_post`.`category_id`=`category`.`id` ORDER BY `blog_post`.`weigh` DESC LIMIT 0,10 [ RunTime:0.001275s ]
---------------------------------------------------------------
[ 2020-03-21T13:34:16+08:00 ] 127.0.0.1 GET www.jfmblog.com/p/10.html
[ sql ] [ DB ] CONNECT:[ UseTime:0.013841s ] mysql:host=127.0.0.1;dbname=jfmblog;charset=utf8
[ sql ] [ SQL ] SHOW COLUMNS FROM `fa_blog_category` [ RunTime:0.012183s ]
[ sql ] [ SQL ] SELECT * FROM `fa_blog_category` WHERE  `status` = 'normal' ORDER BY `weigh` DESC,`id` DESC [ RunTime:0.000937s ]
[ sql ] [ SQL ] SHOW COLUMNS FROM `fa_blog_post` [ RunTime:0.005124s ]
[ sql ] [ SQL ] SELECT * FROM `fa_blog_post` WHERE  `id` = 10 LIMIT 1 [ RunTime:0.000915s ]
[ sql ] [ SQL ] UPDATE `fa_blog_post`  SET `views`=`views`+1  WHERE  `id` = 10 [ RunTime:0.045319s ]
[ sql ] [ SQL ] SELECT * FROM `fa_blog_category` WHERE  `id` = 4 LIMIT 1 [ RunTime:0.001242s ]
[ sql ] [ SQL ] SHOW COLUMNS FROM `fa_blog_comment` [ RunTime:0.005300s ]
[ sql ] [ SQL ] SELECT COUNT(*) AS tp_count FROM `fa_blog_comment` WHERE  `post_id` = 10  AND `pid` = 0  AND `status` = 'normal' LIMIT 1 [ RunTime:0.001048s ]
[ sql ] [ SQL ] SELECT * FROM `fa_blog_comment` WHERE  `post_id` = 10  AND `pid` = 0  AND `status` = 'normal' ORDER BY `id` DESC LIMIT 0,10 [ RunTime:0.001092s ]
[ sql ] [ SQL ] SHOW COLUMNS FROM `fa_blog_block` [ RunTime:0.005225s ]
[ sql ] [ SQL ] SELECT * FROM `fa_blog_block` WHERE  `name` = 'sidebarad1'  AND `status` = 'normal' LIMIT 1 [ RunTime:0.000996s ]
[ sql ] [ SQL ] SELECT * FROM `fa_blog_block` WHERE  `name` = 'sidebarad2'  AND `status` = 'normal' LIMIT 1 [ RunTime:0.001002s ]
[ sql ] [ SQL ] SELECT * FROM `fa_blog_post` WHERE  `status` = 'normal' ORDER BY `createtime` DESC LIMIT 3 [ RunTime:0.000967s ]
[ sql ] [ SQL ] SELECT * FROM `fa_blog_category` WHERE  `id` IN (2,5) [ RunTime:0.000962s ]
[ sql ] [ SQL ] SELECT * FROM `fa_blog_post` WHERE  `status` = 'normal' ORDER BY `createtime` DESC LIMIT 10 [ RunTime:0.001277s ]
[ sql ] [ SQL ] SELECT * FROM `fa_blog_category` WHERE  `id` IN (2,5,9,7) [ RunTime:0.001148s ]
[ sql ] [ SQL ] SELECT * FROM `fa_blog_post` WHERE  `status` = 'normal'  AND (  (FIND_IN_SET('recommend', flag)) ) ORDER BY `createtime` DESC LIMIT 10 [ RunTime:0.000938s ]
[ sql ] [ SQL ] SELECT * FROM `fa_blog_category` WHERE  `id` IN (2,4) [ RunTime:0.000942s ]
---------------------------------------------------------------
[ 2020-03-21T13:37:27+08:00 ] 127.0.0.1 GET www.jfmblog.com/admin/blog/post/index?sort=weigh&order=desc&offset=10&limit=10&filter=%7B%7D&op=%7B%7D&_=1584768823167
[ sql ] [ DB ] CONNECT:[ UseTime:0.012671s ] mysql:host=127.0.0.1;dbname=jfmblog;charset=utf8
[ sql ] [ SQL ] SHOW COLUMNS FROM `fa_auth_group_access` [ RunTime:0.005111s ]
[ sql ] [ SQL ] SELECT `aga`.`uid`,`aga`.`group_id`,`ag`.`id`,`ag`.`pid`,`ag`.`name`,`ag`.`rules` FROM `fa_auth_group_access` `aga` LEFT JOIN `fa_auth_group` `ag` ON `aga`.`group_id`=`ag`.`id` WHERE  (  aga.uid='1' and ag.status='normal' ) [ RunTime:0.000848s ]
[ sql ] [ SQL ] SHOW COLUMNS FROM `fa_auth_rule` [ RunTime:0.005303s ]
[ sql ] [ SQL ] SELECT `id`,`pid`,`condition`,`icon`,`name`,`title`,`ismenu` FROM `fa_auth_rule` WHERE  `status` = 'normal' [ RunTime:0.001182s ]
[ sql ] [ SQL ] SHOW COLUMNS FROM `fa_blog_category` [ RunTime:0.004937s ]
[ sql ] [ SQL ] SELECT * FROM `fa_blog_category` ORDER BY `weigh` DESC,`id` DESC [ RunTime:0.000833s ]
[ sql ] [ SQL ] SHOW COLUMNS FROM `fa_blog_post` [ RunTime:0.005275s ]
[ sql ] [ SQL ] SELECT COUNT(*) AS tp_count FROM `fa_blog_post` `blog_post` LEFT JOIN `fa_blog_category` `category` ON `blog_post`.`category_id`=`category`.`id` ORDER BY `blog_post`.`weigh` DESC LIMIT 1 [ RunTime:0.000801s ]
[ sql ] [ SQL ] SELECT `blog_post`.`id`,`blog_post`.`category_id`,`blog_post`.`flag`,`blog_post`.`title`,`blog_post`.`summary`,`blog_post`.`content`,`blog_post`.`thumb`,`blog_post`.`image`,`blog_post`.`keywords`,`blog_post`.`description`,`blog_post`.`views`,`blog_post`.`comments`,`blog_post`.`createtime`,`blog_post`.`updatetime`,`blog_post`.`weigh`,`blog_post`.`status`,category.id AS category__id,category.pid AS category__pid,category.name AS category__name,category.nickname AS category__nickname,category.flag AS category__flag,category.image AS category__image,category.keywords AS category__keywords,category.description AS category__description,category.diyname AS category__diyname,category.createtime AS category__createtime,category.updatetime AS category__updatetime,category.weigh AS category__weigh,category.status AS category__status FROM `fa_blog_post` `blog_post` LEFT JOIN `fa_blog_category` `category` ON `blog_post`.`category_id`=`category`.`id` ORDER BY `blog_post`.`weigh` DESC LIMIT 10,10 [ RunTime:0.000987s ]
---------------------------------------------------------------
[ 2020-03-21T13:37:32+08:00 ] 127.0.0.1 GET www.jfmblog.com/admin/blog/post/edit/ids/10?dialog=1
[ sql ] [ DB ] CONNECT:[ UseTime:0.012614s ] mysql:host=127.0.0.1;dbname=jfmblog;charset=utf8
[ sql ] [ SQL ] SHOW COLUMNS FROM `fa_auth_group_access` [ RunTime:0.012046s ]
[ sql ] [ SQL ] SELECT `aga`.`uid`,`aga`.`group_id`,`ag`.`id`,`ag`.`pid`,`ag`.`name`,`ag`.`rules` FROM `fa_auth_group_access` `aga` LEFT JOIN `fa_auth_group` `ag` ON `aga`.`group_id`=`ag`.`id` WHERE  (  aga.uid='1' and ag.status='normal' ) [ RunTime:0.000743s ]
[ sql ] [ SQL ] SHOW COLUMNS FROM `fa_auth_rule` [ RunTime:0.005898s ]
[ sql ] [ SQL ] SELECT `id`,`pid`,`condition`,`icon`,`name`,`title`,`ismenu` FROM `fa_auth_rule` WHERE  `status` = 'normal' [ RunTime:0.001126s ]
[ sql ] [ SQL ] SHOW COLUMNS FROM `fa_blog_category` [ RunTime:0.005079s ]
[ sql ] [ SQL ] SELECT * FROM `fa_blog_category` ORDER BY `weigh` DESC,`id` DESC [ RunTime:0.000791s ]
[ sql ] [ SQL ] SHOW COLUMNS FROM `fa_blog_post` [ RunTime:0.005176s ]
[ sql ] [ SQL ] SELECT * FROM `fa_blog_post` WHERE  `id` = 10 LIMIT 1 [ RunTime:0.000922s ]
---------------------------------------------------------------
[ 2020-03-21T13:37:49+08:00 ] 127.0.0.1 POST www.jfmblog.com/admin/blog/post/edit/ids/10?dialog=1
[ sql ] [ DB ] CONNECT:[ UseTime:0.013123s ] mysql:host=127.0.0.1;dbname=jfmblog;charset=utf8
[ sql ] [ SQL ] SHOW COLUMNS FROM `fa_auth_group_access` [ RunTime:0.012216s ]
[ sql ] [ SQL ] SELECT `aga`.`uid`,`aga`.`group_id`,`ag`.`id`,`ag`.`pid`,`ag`.`name`,`ag`.`rules` FROM `fa_auth_group_access` `aga` LEFT JOIN `fa_auth_group` `ag` ON `aga`.`group_id`=`ag`.`id` WHERE  (  aga.uid='1' and ag.status='normal' ) [ RunTime:0.000927s ]
[ sql ] [ SQL ] SHOW COLUMNS FROM `fa_auth_rule` [ RunTime:0.005114s ]
[ sql ] [ SQL ] SELECT `id`,`pid`,`condition`,`icon`,`name`,`title`,`ismenu` FROM `fa_auth_rule` WHERE  `status` = 'normal' [ RunTime:0.001239s ]
[ sql ] [ SQL ] SHOW COLUMNS FROM `fa_blog_category` [ RunTime:0.005124s ]
[ sql ] [ SQL ] SELECT * FROM `fa_blog_category` ORDER BY `weigh` DESC,`id` DESC [ RunTime:0.000785s ]
[ sql ] [ SQL ] SHOW COLUMNS FROM `fa_blog_post` [ RunTime:0.005623s ]
[ sql ] [ SQL ] SELECT * FROM `fa_blog_post` WHERE  `id` = 10 LIMIT 1 [ RunTime:0.000819s ]
[ sql ] [ SQL ] UPDATE `fa_blog_post`  SET `content`='<p>1.安装apche</p><pre><code>sudo apt-get install apache2\r\n\r\n&nbsp;&nbsp;在浏览器中输入localhost显示 it works\r\n</code></pre><p>2.安装php7.0</p><pre><code>sudo apt-get install php7.0\r\n\r\n&nbsp;&nbsp;php -v 可以查看php版本\r\n</code></pre><p>3.PHP和Apache都安装好后就需要让Apache能够识别解析PHP文件，我们先搜一下有没有适合PHP7的插件，输入命令：</p><pre><code>apt-cache search libapache2-mod-php\r\n\r\nsudo apt-get install libapache2-mod-php7.0</code></pre><p>4.切换 cd /var/www/html 授权后 新建test.php,&nbsp;</p><pre><code>chmod -R 777 /etc/www/html\r\n\r\nvim test.php\r\n&nbsp;&nbsp;编辑：\r\n&nbsp;&nbsp;&nbsp;&nbsp;<!--?php\r\n      phpinfo();</code--></code></pre><p><code>&nbsp; &nbsp; 保存退出，在浏览器中访问 /localhost/test.php</code></p><p><code>5.安装mysql</code></p><pre><code><code>sudo apt-get install mysql-server mysql-client</code></code></pre><p><code>　安装过程中会提示设置root账号的登录密码，输入后选择OK继续安装，查看mysql的版本&nbsp;</code></p><pre><code><code>mysql -v<br></code></code></pre><p><code>6.安装php的MySQL插件</code></p><pre><code><code>sudo apt-get install php7.0-mysql<br></code></code></pre><p><code>7.安装PHP的扩展</code></p><pre><code><code>sudo apt-get install php7.0-gd php7.0-mbstring php7.0-xml<br></code></code></pre><p><code>8.安装composer</code></p><pre><code><code>sudo apt-get install composer<br></code></code></pre><p><code>9.<span style=\"color: rgb(0, 0, 0); font-size: 18px;\">curl 未开启,请先开启mbstring扩展</span></code></p><pre><code><code>sudo apt-get install curl  libcurl4-openssl-dev php7.0-curl<br></code></code></pre><p><code>10。开启权限</code></p><pre><code><code>sudo vim /etc/php/7.0/apache2/php.ini\r\nphp.ini当中的\r\n;extension=php_mbstring.dll    （去掉注释）\r\n改成\r\nextension=php_mbstring.dll\r\n\r\n;extension=php_curl.dll    （去掉注释）\r\n改成\r\nextension=php_curl.dll<br></code></code></pre><p><code>11.重启服务器</code></p><pre><code><code>sudo /etc/init.d/apache2 restart<br></code></code></pre><p><code>在浏览器中访问localhost/test.php,可以看到curl扩展已安装</code></p>',`comments`=0,`updatetime`=1584769069  WHERE  `id` = 10 [ RunTime:0.001152s ]
[ sql ] [ SQL ] SHOW COLUMNS FROM `fa_admin_log` [ RunTime:0.005165s ]
[ sql ] [ SQL ] INSERT INTO `fa_admin_log` (`title` , `content` , `url` , `admin_id` , `username` , `useragent` , `ip` , `createtime`) VALUES ('博客管理 日志管理 修改' , '{\"dialog\":\"1\",\"row\":{\"category_id\":\"4\",\"flag\":[\"recommend\"],\"title\":\"ubuntu \\u642d\\u5efalamp\\u73af\\u5883\",\"summary\":\"ubuntu \\u642d\\u5efalamp\\u73af\\u5883\",\"content\":\"1.\\u5b89\\u88c5apchesudo apt-get install apache2\\r\\n\\r\\n&amp;nbsp;&amp;nbsp;\\u5728\\u6d4f\\u89c8\\u5668\\u4e2d\\u8f93\\u5165localhost\\u663e\\u793a it works\\r\\n2.\\u5b89\\u88c5php7.0sudo apt-get install php7.0\\r\\n\\r\\n&amp;nbsp;&amp;nbsp;php -v \\u53ef\\u4ee5\\u67e5\\u770bphp\\u7248\\u672c\\r\\n3.PHP\\u548cApache\\u90fd\\u5b89\\u88c5\\u597d\\u540e\\u5c31\\u9700\\u8981\\u8ba9Apache\\u80fd\\u591f\\u8bc6\\u522b\\u89e3\\u6790PHP\\u6587\\u4ef6\\uff0c\\u6211\\u4eec\\u5148\\u641c\\u4e00\\u4e0b\\u6709\\u6ca1\\u6709\\u9002\\u5408PHP7\\u7684\\u63d2\\u4ef6\\uff0c\\u8f93\\u5165\\u547d\\u4ee4\\uff1aapt-cache search libapache2-mod-php\\r\\n\\r\\nsudo apt-get install libapache2-mod-php7.04.\\u5207\\u6362 cd \\/var\\/www\\/html \\u6388\\u6743\\u540e \\u65b0\\u5efatest.php,&amp;nbsp;chmod -R 777 \\/etc\\/www\\/html\\r\\n\\r\\nvim test.php\\r\\n&amp;nbsp;&amp;nbsp;\\u7f16\\u8f91\\uff1a\\r\\n&amp;nbsp;&amp;nbsp;&amp;nbsp;&amp;nbsp;&amp;nbsp; &amp;nbsp; \\u4fdd\\u5b58\\u9000\\u51fa\\uff0c\\u5728\\u6d4f\\u89c8\\u5668\\u4e2d\\u8bbf\\u95ee \\/localhost\\/test.php5.\\u5b89\\u88c5mysqlsudo apt-get install mysql-server mysql-client\\u3000\\u5b89\\u88c5\\u8fc7\\u7a0b\\u4e2d\\u4f1a\\u63d0\\u793a\\u8bbe\\u7f6eroot\\u8d26\\u53f7\\u7684\\u767b\\u5f55\\u5bc6\\u7801\\uff0c\\u8f93\\u5165\\u540e\\u9009\\u62e9OK\\u7ee7\\u7eed\\u5b89\\u88c5\\uff0c\\u67e5\\u770bmysql\\u7684\\u7248\\u672c&amp;nbsp;mysql -v6.\\u5b89\\u88c5php\\u7684MySQL\\u63d2\\u4ef6sudo apt-get install php7.0-mysql7.\\u5b89\\u88c5PHP\\u7684\\u6269\\u5c55sudo apt-get install php7.0-gd php7.0-mbstring php7.0-xml8.\\u5b89\\u88c5composersudo apt-get install composer9.curl \\u672a\\u5f00\\u542f,\\u8bf7\\u5148\\u5f00\\u542fmbstring\\u6269\\u5c55sudo apt-get install curl  libcurl4-openssl-dev php7.0-curl10\\u3002\\u5f00\\u542f\\u6743\\u9650sudo vim \\/etc\\/php\\/7.0\\/apache2\\/php.ini\\r\\nphp.ini\\u5f53\\u4e2d\\u7684\\r\\n;extension=php_mbstring.dll    \\uff08\\u53bb\\u6389\\u6ce8\\u91ca\\uff09\\r\\n\\u6539\\u6210\\r\\nextension=php_mbstring.dll\\r\\n\\r\\n;extension=php_curl.dll    \\uff08\\u53bb\\u6389\\u6ce8\\u91ca\\uff09\\r\\n\\u6539\\u6210\\r\\nextension=php_curl.dll11.\\u91cd\\u542f\\u670d\\u52a1\\u5668sudo \\/etc\\/init.d\\/apache2 restart\\u5728\\u6d4f\\u89c8\\u5668\\u4e2d\\u8bbf\\u95eelocalhost\\/test.php,\\u53ef\\u4ee5\\u770b\\u5230curl\\u6269\\u5c55\\u5df2\\u5b89\\u88c5\",\"thumb\":\"\\/uploads\\/20200316\\/db74b8da42ba4596daf97bf9519a7e7e.jpg\",\"image\":\"\\/uploads\\/20200316\\/db74b8da42ba4596daf97bf9519a7e7e.jpg\",\"keywords\":\"\",\"description\":\"\",\"views\":\"24\",\"comments\":\"0\",\"weigh\":\"10\",\"status\":\"normal\"},\"ids\":\"10\"}' , '/admin/blog/post/edit/ids/10?dialog=1' , 1 , 'admin' , 'Mozilla/5.0 (Windows NT 10.0; Win64; x64) AppleWebKit/537.36 (KHTML, like Gecko) Chrome/80.0.3970.5 Safari/537.36' , '127.0.0.1' , 1584769069) [ RunTime:0.052437s ]
---------------------------------------------------------------
[ 2020-03-21T13:37:50+08:00 ] 127.0.0.1 GET www.jfmblog.com/admin/blog/post/index?sort=weigh&order=desc&offset=10&limit=10&filter=%7B%7D&op=%7B%7D&_=1584768823168
[ sql ] [ DB ] CONNECT:[ UseTime:0.011989s ] mysql:host=127.0.0.1;dbname=jfmblog;charset=utf8
[ sql ] [ SQL ] SHOW COLUMNS FROM `fa_auth_group_access` [ RunTime:0.012020s ]
[ sql ] [ SQL ] SELECT `aga`.`uid`,`aga`.`group_id`,`ag`.`id`,`ag`.`pid`,`ag`.`name`,`ag`.`rules` FROM `fa_auth_group_access` `aga` LEFT JOIN `fa_auth_group` `ag` ON `aga`.`group_id`=`ag`.`id` WHERE  (  aga.uid='1' and ag.status='normal' ) [ RunTime:0.000767s ]
[ sql ] [ SQL ] SHOW COLUMNS FROM `fa_auth_rule` [ RunTime:0.005732s ]
[ sql ] [ SQL ] SELECT `id`,`pid`,`condition`,`icon`,`name`,`title`,`ismenu` FROM `fa_auth_rule` WHERE  `status` = 'normal' [ RunTime:0.001096s ]
[ sql ] [ SQL ] SHOW COLUMNS FROM `fa_blog_category` [ RunTime:0.005976s ]
[ sql ] [ SQL ] SELECT * FROM `fa_blog_category` ORDER BY `weigh` DESC,`id` DESC [ RunTime:0.000794s ]
[ sql ] [ SQL ] SHOW COLUMNS FROM `fa_blog_post` [ RunTime:0.005590s ]
[ sql ] [ SQL ] SELECT COUNT(*) AS tp_count FROM `fa_blog_post` `blog_post` LEFT JOIN `fa_blog_category` `category` ON `blog_post`.`category_id`=`category`.`id` ORDER BY `blog_post`.`weigh` DESC LIMIT 1 [ RunTime:0.000789s ]
[ sql ] [ SQL ] SELECT `blog_post`.`id`,`blog_post`.`category_id`,`blog_post`.`flag`,`blog_post`.`title`,`blog_post`.`summary`,`blog_post`.`content`,`blog_post`.`thumb`,`blog_post`.`image`,`blog_post`.`keywords`,`blog_post`.`description`,`blog_post`.`views`,`blog_post`.`comments`,`blog_post`.`createtime`,`blog_post`.`updatetime`,`blog_post`.`weigh`,`blog_post`.`status`,category.id AS category__id,category.pid AS category__pid,category.name AS category__name,category.nickname AS category__nickname,category.flag AS category__flag,category.image AS category__image,category.keywords AS category__keywords,category.description AS category__description,category.diyname AS category__diyname,category.createtime AS category__createtime,category.updatetime AS category__updatetime,category.weigh AS category__weigh,category.status AS category__status FROM `fa_blog_post` `blog_post` LEFT JOIN `fa_blog_category` `category` ON `blog_post`.`category_id`=`category`.`id` ORDER BY `blog_post`.`weigh` DESC LIMIT 10,10 [ RunTime:0.000951s ]
---------------------------------------------------------------
[ 2020-03-21T13:38:57+08:00 ] 127.0.0.1 GET www.jfmblog.com/admin/blog/post/edit/ids/10?dialog=1
[ sql ] [ DB ] CONNECT:[ UseTime:0.012372s ] mysql:host=127.0.0.1;dbname=jfmblog;charset=utf8
[ sql ] [ SQL ] SHOW COLUMNS FROM `fa_auth_group_access` [ RunTime:0.013578s ]
[ sql ] [ SQL ] SELECT `aga`.`uid`,`aga`.`group_id`,`ag`.`id`,`ag`.`pid`,`ag`.`name`,`ag`.`rules` FROM `fa_auth_group_access` `aga` LEFT JOIN `fa_auth_group` `ag` ON `aga`.`group_id`=`ag`.`id` WHERE  (  aga.uid='1' and ag.status='normal' ) [ RunTime:0.000821s ]
[ sql ] [ SQL ] SHOW COLUMNS FROM `fa_auth_rule` [ RunTime:0.005615s ]
[ sql ] [ SQL ] SELECT `id`,`pid`,`condition`,`icon`,`name`,`title`,`ismenu` FROM `fa_auth_rule` WHERE  `status` = 'normal' [ RunTime:0.001216s ]
[ sql ] [ SQL ] SHOW COLUMNS FROM `fa_blog_category` [ RunTime:0.005018s ]
[ sql ] [ SQL ] SELECT * FROM `fa_blog_category` ORDER BY `weigh` DESC,`id` DESC [ RunTime:0.000931s ]
[ sql ] [ SQL ] SHOW COLUMNS FROM `fa_blog_post` [ RunTime:0.005177s ]
[ sql ] [ SQL ] SELECT * FROM `fa_blog_post` WHERE  `id` = 10 LIMIT 1 [ RunTime:0.000935s ]
---------------------------------------------------------------
[ 2020-03-21T13:39:06+08:00 ] 127.0.0.1 POST www.jfmblog.com/admin/blog/post/edit/ids/10?dialog=1
[ sql ] [ DB ] CONNECT:[ UseTime:0.002770s ] mysql:host=127.0.0.1;dbname=jfmblog;charset=utf8
[ sql ] [ SQL ] SHOW COLUMNS FROM `fa_auth_group_access` [ RunTime:0.005007s ]
[ sql ] [ SQL ] SELECT `aga`.`uid`,`aga`.`group_id`,`ag`.`id`,`ag`.`pid`,`ag`.`name`,`ag`.`rules` FROM `fa_auth_group_access` `aga` LEFT JOIN `fa_auth_group` `ag` ON `aga`.`group_id`=`ag`.`id` WHERE  (  aga.uid='1' and ag.status='normal' ) [ RunTime:0.000837s ]
[ sql ] [ SQL ] SHOW COLUMNS FROM `fa_auth_rule` [ RunTime:0.005191s ]
[ sql ] [ SQL ] SELECT `id`,`pid`,`condition`,`icon`,`name`,`title`,`ismenu` FROM `fa_auth_rule` WHERE  `status` = 'normal' [ RunTime:0.001168s ]
[ sql ] [ SQL ] SHOW COLUMNS FROM `fa_blog_category` [ RunTime:0.005182s ]
[ sql ] [ SQL ] SELECT * FROM `fa_blog_category` ORDER BY `weigh` DESC,`id` DESC [ RunTime:0.000856s ]
[ sql ] [ SQL ] SHOW COLUMNS FROM `fa_blog_post` [ RunTime:0.005253s ]
[ sql ] [ SQL ] SELECT * FROM `fa_blog_post` WHERE  `id` = 10 LIMIT 1 [ RunTime:0.000775s ]
[ sql ] [ SQL ] UPDATE `fa_blog_post`  SET `content`='<p>1.安装apche</p><pre><code>sudo apt-get install apache2\r\n\r\n&nbsp;&nbsp;在浏览器中输入localhost显示 it works\r\n</code></pre><p>2.安装php7.0</p><pre><code>sudo apt-get install php7.0\r\n\r\n&nbsp;&nbsp;php -v 可以查看php版本\r\n</code></pre><p>3.PHP和Apache都安装好后就需要让Apache能够识别解析PHP文件，我们先搜一下有没有适合PHP7的插件，输入命令：</p><pre><code>apt-cache search libapache2-mod-php\r\n\r\nsudo apt-get install libapache2-mod-php7.0</code></pre><p>4.切换 cd /var/www/html 授权后 新建test.php,&nbsp;</p><pre><code>chmod -R 777 /var/www/html\r\n\r\nvim test.php\r\n&nbsp;&nbsp;编辑：\r\n&nbsp;&nbsp;&nbsp;&nbsp;<!--?php\r\n      phpinfo();</code--></code></pre><p><code>&nbsp; &nbsp; 保存退出，在浏览器中访问 /localhost/test.php</code></p><p><code>5.安装mysql</code></p><pre><code><code>sudo apt-get install mysql-server mysql-client</code></code></pre><p><code>　安装过程中会提示设置root账号的登录密码，输入后选择OK继续安装，查看mysql的版本&nbsp;</code></p><pre><code><code>mysql -v<br></code></code></pre><p><code>6.安装php的MySQL插件</code></p><pre><code><code>sudo apt-get install php7.0-mysql<br></code></code></pre><p><code>7.安装PHP的扩展</code></p><pre><code><code>sudo apt-get install php7.0-gd php7.0-mbstring php7.0-xml<br></code></code></pre><p><code>8.安装composer</code></p><pre><code><code>sudo apt-get install composer<br></code></code></pre><p><code>9.<span style=\"color: rgb(0, 0, 0); font-size: 18px;\">curl 未开启,请先开启mbstring扩展</span></code></p><pre><code><code>sudo apt-get install curl  libcurl4-openssl-dev php7.0-curl<br></code></code></pre><p><code>10。开启权限</code></p><pre><code><code>sudo vim /etc/php/7.0/apache2/php.ini\r\nphp.ini当中的\r\n;extension=php_mbstring.dll    （去掉注释）\r\n改成\r\nextension=php_mbstring.dll\r\n\r\n;extension=php_curl.dll    （去掉注释）\r\n改成\r\nextension=php_curl.dll<br></code></code></pre><p><code>11.重启服务器</code></p><pre><code><code>sudo /etc/init.d/apache2 restart<br></code></code></pre><p><code>在浏览器中访问localhost/test.php,可以看到curl扩展已安装</code></p>',`comments`=0,`updatetime`=1584769146  WHERE  `id` = 10 [ RunTime:0.001218s ]
[ sql ] [ SQL ] SHOW COLUMNS FROM `fa_admin_log` [ RunTime:0.005086s ]
[ sql ] [ SQL ] INSERT INTO `fa_admin_log` (`title` , `content` , `url` , `admin_id` , `username` , `useragent` , `ip` , `createtime`) VALUES ('博客管理 日志管理 修改' , '{\"dialog\":\"1\",\"row\":{\"category_id\":\"4\",\"flag\":[\"recommend\"],\"title\":\"ubuntu \\u642d\\u5efalamp\\u73af\\u5883\",\"summary\":\"ubuntu \\u642d\\u5efalamp\\u73af\\u5883\",\"content\":\"1.\\u5b89\\u88c5apchesudo apt-get install apache2\\r\\n\\r\\n&amp;nbsp;&amp;nbsp;\\u5728\\u6d4f\\u89c8\\u5668\\u4e2d\\u8f93\\u5165localhost\\u663e\\u793a it works\\r\\n2.\\u5b89\\u88c5php7.0sudo apt-get install php7.0\\r\\n\\r\\n&amp;nbsp;&amp;nbsp;php -v \\u53ef\\u4ee5\\u67e5\\u770bphp\\u7248\\u672c\\r\\n3.PHP\\u548cApache\\u90fd\\u5b89\\u88c5\\u597d\\u540e\\u5c31\\u9700\\u8981\\u8ba9Apache\\u80fd\\u591f\\u8bc6\\u522b\\u89e3\\u6790PHP\\u6587\\u4ef6\\uff0c\\u6211\\u4eec\\u5148\\u641c\\u4e00\\u4e0b\\u6709\\u6ca1\\u6709\\u9002\\u5408PHP7\\u7684\\u63d2\\u4ef6\\uff0c\\u8f93\\u5165\\u547d\\u4ee4\\uff1aapt-cache search libapache2-mod-php\\r\\n\\r\\nsudo apt-get install libapache2-mod-php7.04.\\u5207\\u6362 cd \\/var\\/www\\/html \\u6388\\u6743\\u540e \\u65b0\\u5efatest.php,&amp;nbsp;chmod -R 777 \\/var\\/www\\/html\\r\\n\\r\\nvim test.php\\r\\n&amp;nbsp;&amp;nbsp;\\u7f16\\u8f91\\uff1a\\r\\n&amp;nbsp;&amp;nbsp;&amp;nbsp;&amp;nbsp;&amp;nbsp; &amp;nbsp; \\u4fdd\\u5b58\\u9000\\u51fa\\uff0c\\u5728\\u6d4f\\u89c8\\u5668\\u4e2d\\u8bbf\\u95ee \\/localhost\\/test.php5.\\u5b89\\u88c5mysqlsudo apt-get install mysql-server mysql-client\\u3000\\u5b89\\u88c5\\u8fc7\\u7a0b\\u4e2d\\u4f1a\\u63d0\\u793a\\u8bbe\\u7f6eroot\\u8d26\\u53f7\\u7684\\u767b\\u5f55\\u5bc6\\u7801\\uff0c\\u8f93\\u5165\\u540e\\u9009\\u62e9OK\\u7ee7\\u7eed\\u5b89\\u88c5\\uff0c\\u67e5\\u770bmysql\\u7684\\u7248\\u672c&amp;nbsp;mysql -v6.\\u5b89\\u88c5php\\u7684MySQL\\u63d2\\u4ef6sudo apt-get install php7.0-mysql7.\\u5b89\\u88c5PHP\\u7684\\u6269\\u5c55sudo apt-get install php7.0-gd php7.0-mbstring php7.0-xml8.\\u5b89\\u88c5composersudo apt-get install composer9.curl \\u672a\\u5f00\\u542f,\\u8bf7\\u5148\\u5f00\\u542fmbstring\\u6269\\u5c55sudo apt-get install curl  libcurl4-openssl-dev php7.0-curl10\\u3002\\u5f00\\u542f\\u6743\\u9650sudo vim \\/etc\\/php\\/7.0\\/apache2\\/php.ini\\r\\nphp.ini\\u5f53\\u4e2d\\u7684\\r\\n;extension=php_mbstring.dll    \\uff08\\u53bb\\u6389\\u6ce8\\u91ca\\uff09\\r\\n\\u6539\\u6210\\r\\nextension=php_mbstring.dll\\r\\n\\r\\n;extension=php_curl.dll    \\uff08\\u53bb\\u6389\\u6ce8\\u91ca\\uff09\\r\\n\\u6539\\u6210\\r\\nextension=php_curl.dll11.\\u91cd\\u542f\\u670d\\u52a1\\u5668sudo \\/etc\\/init.d\\/apache2 restart\\u5728\\u6d4f\\u89c8\\u5668\\u4e2d\\u8bbf\\u95eelocalhost\\/test.php,\\u53ef\\u4ee5\\u770b\\u5230curl\\u6269\\u5c55\\u5df2\\u5b89\\u88c5\",\"thumb\":\"\\/uploads\\/20200316\\/db74b8da42ba4596daf97bf9519a7e7e.jpg\",\"image\":\"\\/uploads\\/20200316\\/db74b8da42ba4596daf97bf9519a7e7e.jpg\",\"keywords\":\"\",\"description\":\"\",\"views\":\"24\",\"comments\":\"0\",\"weigh\":\"10\",\"status\":\"normal\"},\"ids\":\"10\"}' , '/admin/blog/post/edit/ids/10?dialog=1' , 1 , 'admin' , 'Mozilla/5.0 (Windows NT 10.0; Win64; x64) AppleWebKit/537.36 (KHTML, like Gecko) Chrome/80.0.3970.5 Safari/537.36' , '127.0.0.1' , 1584769146) [ RunTime:0.090277s ]
---------------------------------------------------------------
[ 2020-03-21T13:39:07+08:00 ] 127.0.0.1 GET www.jfmblog.com/admin/blog/post/index?sort=weigh&order=desc&offset=10&limit=10&filter=%7B%7D&op=%7B%7D&_=1584768823169
[ sql ] [ DB ] CONNECT:[ UseTime:0.012917s ] mysql:host=127.0.0.1;dbname=jfmblog;charset=utf8
[ sql ] [ SQL ] SHOW COLUMNS FROM `fa_auth_group_access` [ RunTime:0.012420s ]
[ sql ] [ SQL ] SELECT `aga`.`uid`,`aga`.`group_id`,`ag`.`id`,`ag`.`pid`,`ag`.`name`,`ag`.`rules` FROM `fa_auth_group_access` `aga` LEFT JOIN `fa_auth_group` `ag` ON `aga`.`group_id`=`ag`.`id` WHERE  (  aga.uid='1' and ag.status='normal' ) [ RunTime:0.000798s ]
[ sql ] [ SQL ] SHOW COLUMNS FROM `fa_auth_rule` [ RunTime:0.006228s ]
[ sql ] [ SQL ] SELECT `id`,`pid`,`condition`,`icon`,`name`,`title`,`ismenu` FROM `fa_auth_rule` WHERE  `status` = 'normal' [ RunTime:0.001122s ]
[ sql ] [ SQL ] SHOW COLUMNS FROM `fa_blog_category` [ RunTime:0.006154s ]
[ sql ] [ SQL ] SELECT * FROM `fa_blog_category` ORDER BY `weigh` DESC,`id` DESC [ RunTime:0.000813s ]
[ sql ] [ SQL ] SHOW COLUMNS FROM `fa_blog_post` [ RunTime:0.005110s ]
[ sql ] [ SQL ] SELECT COUNT(*) AS tp_count FROM `fa_blog_post` `blog_post` LEFT JOIN `fa_blog_category` `category` ON `blog_post`.`category_id`=`category`.`id` ORDER BY `blog_post`.`weigh` DESC LIMIT 1 [ RunTime:0.000834s ]
[ sql ] [ SQL ] SELECT `blog_post`.`id`,`blog_post`.`category_id`,`blog_post`.`flag`,`blog_post`.`title`,`blog_post`.`summary`,`blog_post`.`content`,`blog_post`.`thumb`,`blog_post`.`image`,`blog_post`.`keywords`,`blog_post`.`description`,`blog_post`.`views`,`blog_post`.`comments`,`blog_post`.`createtime`,`blog_post`.`updatetime`,`blog_post`.`weigh`,`blog_post`.`status`,category.id AS category__id,category.pid AS category__pid,category.name AS category__name,category.nickname AS category__nickname,category.flag AS category__flag,category.image AS category__image,category.keywords AS category__keywords,category.description AS category__description,category.diyname AS category__diyname,category.createtime AS category__createtime,category.updatetime AS category__updatetime,category.weigh AS category__weigh,category.status AS category__status FROM `fa_blog_post` `blog_post` LEFT JOIN `fa_blog_category` `category` ON `blog_post`.`category_id`=`category`.`id` ORDER BY `blog_post`.`weigh` DESC LIMIT 10,10 [ RunTime:0.001103s ]
---------------------------------------------------------------
[ 2020-03-21T13:39:11+08:00 ] 127.0.0.1 GET www.jfmblog.com/p/10.html
[ sql ] [ DB ] CONNECT:[ UseTime:0.003370s ] mysql:host=127.0.0.1;dbname=jfmblog;charset=utf8
[ sql ] [ SQL ] SHOW COLUMNS FROM `fa_blog_category` [ RunTime:0.005070s ]
[ sql ] [ SQL ] SELECT * FROM `fa_blog_category` WHERE  `status` = 'normal' ORDER BY `weigh` DESC,`id` DESC [ RunTime:0.000957s ]
[ sql ] [ SQL ] SHOW COLUMNS FROM `fa_blog_post` [ RunTime:0.005273s ]
[ sql ] [ SQL ] SELECT * FROM `fa_blog_post` WHERE  `id` = 10 LIMIT 1 [ RunTime:0.000901s ]
[ sql ] [ SQL ] UPDATE `fa_blog_post`  SET `views`=`views`+1  WHERE  `id` = 10 [ RunTime:0.135015s ]
[ sql ] [ SQL ] SELECT * FROM `fa_blog_category` WHERE  `id` = 4 LIMIT 1 [ RunTime:0.000929s ]
[ sql ] [ SQL ] SHOW COLUMNS FROM `fa_blog_comment` [ RunTime:0.005222s ]
[ sql ] [ SQL ] SELECT COUNT(*) AS tp_count FROM `fa_blog_comment` WHERE  `post_id` = 10  AND `pid` = 0  AND `status` = 'normal' LIMIT 1 [ RunTime:0.001034s ]
[ sql ] [ SQL ] SELECT * FROM `fa_blog_comment` WHERE  `post_id` = 10  AND `pid` = 0  AND `status` = 'normal' ORDER BY `id` DESC LIMIT 0,10 [ RunTime:0.001060s ]
[ sql ] [ SQL ] SHOW COLUMNS FROM `fa_blog_block` [ RunTime:0.005241s ]
[ sql ] [ SQL ] SELECT * FROM `fa_blog_block` WHERE  `name` = 'sidebarad1'  AND `status` = 'normal' LIMIT 1 [ RunTime:0.000959s ]
[ sql ] [ SQL ] SELECT * FROM `fa_blog_block` WHERE  `name` = 'sidebarad2'  AND `status` = 'normal' LIMIT 1 [ RunTime:0.000980s ]
[ sql ] [ SQL ] SELECT * FROM `fa_blog_post` WHERE  `status` = 'normal' ORDER BY `createtime` DESC LIMIT 3 [ RunTime:0.000882s ]
[ sql ] [ SQL ] SELECT * FROM `fa_blog_category` WHERE  `id` IN (2,5) [ RunTime:0.000891s ]
[ sql ] [ SQL ] SELECT * FROM `fa_blog_post` WHERE  `status` = 'normal' ORDER BY `createtime` DESC LIMIT 10 [ RunTime:0.001224s ]
[ sql ] [ SQL ] SELECT * FROM `fa_blog_category` WHERE  `id` IN (2,5,9,7) [ RunTime:0.001137s ]
[ sql ] [ SQL ] SELECT * FROM `fa_blog_post` WHERE  `status` = 'normal'  AND (  (FIND_IN_SET('recommend', flag)) ) ORDER BY `createtime` DESC LIMIT 10 [ RunTime:0.000836s ]
[ sql ] [ SQL ] SELECT * FROM `fa_blog_category` WHERE  `id` IN (2,4) [ RunTime:0.000865s ]
---------------------------------------------------------------
[ 2020-03-21T13:47:43+08:00 ] 127.0.0.1 GET www.jfmblog.com/c/7.html
[ sql ] [ DB ] CONNECT:[ UseTime:0.015824s ] mysql:host=127.0.0.1;dbname=jfmblog;charset=utf8
[ sql ] [ SQL ] SHOW COLUMNS FROM `fa_blog_category` [ RunTime:0.012335s ]
[ sql ] [ SQL ] SELECT * FROM `fa_blog_category` WHERE  `id` = 7 LIMIT 1 [ RunTime:0.000939s ]
[ sql ] [ SQL ] SHOW COLUMNS FROM `fa_blog_post` [ RunTime:0.005184s ]
[ sql ] [ SQL ] SELECT COUNT(*) AS tp_count FROM `fa_blog_post` WHERE  `status` = 'normal'  AND `category_id` = 7 LIMIT 1 [ RunTime:0.000988s ]
[ sql ] [ SQL ] SELECT * FROM `fa_blog_post` WHERE  `status` = 'normal'  AND `category_id` = 7 ORDER BY `weigh` DESC,`id` DESC LIMIT 0,10 [ RunTime:0.001038s ]
[ sql ] [ SQL ] SELECT * FROM `fa_blog_category` WHERE  `id` IN (7) [ RunTime:0.000831s ]
[ sql ] [ SQL ] SHOW COLUMNS FROM `fa_blog_block` [ RunTime:0.005143s ]
[ sql ] [ SQL ] SELECT * FROM `fa_blog_category` WHERE  `id` IN (2,5,9,7) [ RunTime:0.001224s ]
[ sql ] [ SQL ] SELECT * FROM `fa_blog_category` WHERE  `id` IN (2,4) [ RunTime:0.000935s ]
---------------------------------------------------------------
[ 2020-03-21T13:47:45+08:00 ] 127.0.0.1 GET www.jfmblog.com/p/13.html
[ sql ] [ DB ] CONNECT:[ UseTime:0.011715s ] mysql:host=127.0.0.1;dbname=jfmblog;charset=utf8
[ sql ] [ SQL ] SHOW COLUMNS FROM `fa_blog_post` [ RunTime:0.005297s ]
[ sql ] [ SQL ] SELECT * FROM `fa_blog_post` WHERE  `id` = 13 LIMIT 1 [ RunTime:0.000908s ]
[ sql ] [ SQL ] UPDATE `fa_blog_post`  SET `views`=`views`+1  WHERE  `id` = 13 [ RunTime:0.051269s ]
[ sql ] [ SQL ] SHOW COLUMNS FROM `fa_blog_category` [ RunTime:0.006283s ]
[ sql ] [ SQL ] SELECT * FROM `fa_blog_category` WHERE  `id` = 7 LIMIT 1 [ RunTime:0.000909s ]
[ sql ] [ SQL ] SHOW COLUMNS FROM `fa_blog_comment` [ RunTime:0.005139s ]
[ sql ] [ SQL ] SELECT COUNT(*) AS tp_count FROM `fa_blog_comment` WHERE  `post_id` = 13  AND `pid` = 0  AND `status` = 'normal' LIMIT 1 [ RunTime:0.001114s ]
[ sql ] [ SQL ] SELECT * FROM `fa_blog_comment` WHERE  `post_id` = 13  AND `pid` = 0  AND `status` = 'normal' ORDER BY `id` DESC LIMIT 0,10 [ RunTime:0.001091s ]
[ sql ] [ SQL ] SELECT * FROM `fa_blog_category` WHERE  `id` IN (2,5) [ RunTime:0.000964s ]
[ sql ] [ SQL ] SELECT * FROM `fa_blog_category` WHERE  `id` IN (2,5,9,7) [ RunTime:0.001071s ]
[ sql ] [ SQL ] SELECT * FROM `fa_blog_category` WHERE  `id` IN (2,4) [ RunTime:0.000881s ]
---------------------------------------------------------------
[ 2020-03-21T13:49:52+08:00 ] 127.0.0.1 GET www.jfmblog.com/admin/blog/post/index?sort=weigh&order=desc&offset=0&limit=10&filter=%7B%7D&op=%7B%7D&_=1584768823170
[ sql ] [ DB ] CONNECT:[ UseTime:0.012475s ] mysql:host=127.0.0.1;dbname=jfmblog;charset=utf8
[ sql ] [ SQL ] SHOW COLUMNS FROM `fa_auth_group_access` [ RunTime:0.004851s ]
[ sql ] [ SQL ] SELECT `aga`.`uid`,`aga`.`group_id`,`ag`.`id`,`ag`.`pid`,`ag`.`name`,`ag`.`rules` FROM `fa_auth_group_access` `aga` LEFT JOIN `fa_auth_group` `ag` ON `aga`.`group_id`=`ag`.`id` WHERE  (  aga.uid='1' and ag.status='normal' ) [ RunTime:0.000791s ]
[ sql ] [ SQL ] SHOW COLUMNS FROM `fa_auth_rule` [ RunTime:0.005106s ]
[ sql ] [ SQL ] SELECT `id`,`pid`,`condition`,`icon`,`name`,`title`,`ismenu` FROM `fa_auth_rule` WHERE  `status` = 'normal' [ RunTime:0.001133s ]
[ sql ] [ SQL ] SHOW COLUMNS FROM `fa_blog_category` [ RunTime:0.005218s ]
[ sql ] [ SQL ] SELECT * FROM `fa_blog_category` ORDER BY `weigh` DESC,`id` DESC [ RunTime:0.000801s ]
[ sql ] [ SQL ] SHOW COLUMNS FROM `fa_blog_post` [ RunTime:0.005260s ]
[ sql ] [ SQL ] SELECT COUNT(*) AS tp_count FROM `fa_blog_post` `blog_post` LEFT JOIN `fa_blog_category` `category` ON `blog_post`.`category_id`=`category`.`id` ORDER BY `blog_post`.`weigh` DESC LIMIT 1 [ RunTime:0.000782s ]
[ sql ] [ SQL ] SELECT `blog_post`.`id`,`blog_post`.`category_id`,`blog_post`.`flag`,`blog_post`.`title`,`blog_post`.`summary`,`blog_post`.`content`,`blog_post`.`thumb`,`blog_post`.`image`,`blog_post`.`keywords`,`blog_post`.`description`,`blog_post`.`views`,`blog_post`.`comments`,`blog_post`.`createtime`,`blog_post`.`updatetime`,`blog_post`.`weigh`,`blog_post`.`status`,category.id AS category__id,category.pid AS category__pid,category.name AS category__name,category.nickname AS category__nickname,category.flag AS category__flag,category.image AS category__image,category.keywords AS category__keywords,category.description AS category__description,category.diyname AS category__diyname,category.createtime AS category__createtime,category.updatetime AS category__updatetime,category.weigh AS category__weigh,category.status AS category__status FROM `fa_blog_post` `blog_post` LEFT JOIN `fa_blog_category` `category` ON `blog_post`.`category_id`=`category`.`id` ORDER BY `blog_post`.`weigh` DESC LIMIT 0,10 [ RunTime:0.001292s ]
---------------------------------------------------------------
[ 2020-03-21T13:49:55+08:00 ] 127.0.0.1 GET www.jfmblog.com/admin/blog/post/edit/ids/13?dialog=1
[ sql ] [ DB ] CONNECT:[ UseTime:0.011590s ] mysql:host=127.0.0.1;dbname=jfmblog;charset=utf8
[ sql ] [ SQL ] SHOW COLUMNS FROM `fa_auth_group_access` [ RunTime:0.013468s ]
[ sql ] [ SQL ] SELECT `aga`.`uid`,`aga`.`group_id`,`ag`.`id`,`ag`.`pid`,`ag`.`name`,`ag`.`rules` FROM `fa_auth_group_access` `aga` LEFT JOIN `fa_auth_group` `ag` ON `aga`.`group_id`=`ag`.`id` WHERE  (  aga.uid='1' and ag.status='normal' ) [ RunTime:0.000807s ]
[ sql ] [ SQL ] SHOW COLUMNS FROM `fa_auth_rule` [ RunTime:0.005072s ]
[ sql ] [ SQL ] SELECT `id`,`pid`,`condition`,`icon`,`name`,`title`,`ismenu` FROM `fa_auth_rule` WHERE  `status` = 'normal' [ RunTime:0.001197s ]
[ sql ] [ SQL ] SHOW COLUMNS FROM `fa_blog_category` [ RunTime:0.005281s ]
[ sql ] [ SQL ] SELECT * FROM `fa_blog_category` ORDER BY `weigh` DESC,`id` DESC [ RunTime:0.000912s ]
[ sql ] [ SQL ] SHOW COLUMNS FROM `fa_blog_post` [ RunTime:0.005236s ]
[ sql ] [ SQL ] SELECT * FROM `fa_blog_post` WHERE  `id` = 13 LIMIT 1 [ RunTime:0.001043s ]
---------------------------------------------------------------
[ 2020-03-21T13:50:03+08:00 ] 127.0.0.1 POST www.jfmblog.com/admin/blog/post/edit/ids/13?dialog=1
[ sql ] [ DB ] CONNECT:[ UseTime:0.012344s ] mysql:host=127.0.0.1;dbname=jfmblog;charset=utf8
[ sql ] [ SQL ] SHOW COLUMNS FROM `fa_auth_group_access` [ RunTime:0.012594s ]
[ sql ] [ SQL ] SELECT `aga`.`uid`,`aga`.`group_id`,`ag`.`id`,`ag`.`pid`,`ag`.`name`,`ag`.`rules` FROM `fa_auth_group_access` `aga` LEFT JOIN `fa_auth_group` `ag` ON `aga`.`group_id`=`ag`.`id` WHERE  (  aga.uid='1' and ag.status='normal' ) [ RunTime:0.000868s ]
[ sql ] [ SQL ] SHOW COLUMNS FROM `fa_auth_rule` [ RunTime:0.005202s ]
[ sql ] [ SQL ] SELECT `id`,`pid`,`condition`,`icon`,`name`,`title`,`ismenu` FROM `fa_auth_rule` WHERE  `status` = 'normal' [ RunTime:0.001179s ]
[ sql ] [ SQL ] SHOW COLUMNS FROM `fa_blog_category` [ RunTime:0.005101s ]
[ sql ] [ SQL ] SELECT * FROM `fa_blog_category` ORDER BY `weigh` DESC,`id` DESC [ RunTime:0.000763s ]
[ sql ] [ SQL ] SHOW COLUMNS FROM `fa_blog_post` [ RunTime:0.005166s ]
[ sql ] [ SQL ] SELECT * FROM `fa_blog_post` WHERE  `id` = 13 LIMIT 1 [ RunTime:0.000946s ]
[ sql ] [ SQL ] UPDATE `fa_blog_post`  SET `content`='<p>1.登陆mysql</p><pre><code>msyql -uroot -p</code></pre><p>2,授权</p><pre><code>GRANT ALL PRIVILEGES ON *.* TO \'用户名\'@\'%\' IDENTIFIED BY \'密码\' WITH GRANT OPTION;<br></code></pre><p>3.刷新权限</p><pre><code>flush privileges</code></pre><p>4.查看权限</p><pre><code>select user,host from mysql.user;<br></code></pre><p>5.修改配置文件</p><pre><code>/etc/mysql/mysql.conf.d/mysqld.cnf\r\n\r\n将bind-address = 127.0.0.1修改为bind-address = 0.0.0.0<br></code></pre><p>6.重启mysql</p><pre><code>sudo service mysql restart;<br></code></pre>',`comments`=0,`updatetime`=1584769803  WHERE  `id` = 13 [ RunTime:0.001179s ]
[ sql ] [ SQL ] SHOW COLUMNS FROM `fa_admin_log` [ RunTime:0.005257s ]
[ sql ] [ SQL ] INSERT INTO `fa_admin_log` (`title` , `content` , `url` , `admin_id` , `username` , `useragent` , `ip` , `createtime`) VALUES ('博客管理 日志管理 修改' , '{\"dialog\":\"1\",\"row\":{\"category_id\":\"7\",\"title\":\"mysql\\u8fdc\\u7a0b\\u8fde\\u63a5\\u8bbe\\u7f6e\",\"summary\":\"mysql\\u8fdc\\u7a0b\\u8fde\\u63a5\\u8bbe\\u7f6e\",\"content\":\"1.\\u767b\\u9646mysqlmsyql -uroot -p2,\\u6388\\u6743GRANT ALL PRIVILEGES ON *.* TO \'\\u7528\\u6237\\u540d\'@\'%\' IDENTIFIED BY \'\\u5bc6\\u7801\' WITH GRANT OPTION;3.\\u5237\\u65b0\\u6743\\u9650flush privileges4.\\u67e5\\u770b\\u6743\\u9650select user,host from mysql.user;5.\\u4fee\\u6539\\u914d\\u7f6e\\u6587\\u4ef6\\/etc\\/mysql\\/mysql.conf.d\\/mysqld.cnf\\r\\n\\r\\n\\u5c06bind-address = 127.0.0.1\\u4fee\\u6539\\u4e3abind-address = 0.0.0.06.\\u91cd\\u542fmysqlsudo service mysql restart;\",\"thumb\":\"\\/uploads\\/20200312\\/be7330a8db91b3cbdab048833b50690a.jpg\",\"image\":\"\\/uploads\\/20200312\\/be7330a8db91b3cbdab048833b50690a.jpg\",\"keywords\":\"\",\"description\":\"\",\"views\":\"5\",\"comments\":\"0\",\"weigh\":\"13\",\"status\":\"normal\",\"flag\":[\"\"]},\"ids\":\"13\"}' , '/admin/blog/post/edit/ids/13?dialog=1' , 1 , 'admin' , 'Mozilla/5.0 (Windows NT 10.0; Win64; x64) AppleWebKit/537.36 (KHTML, like Gecko) Chrome/80.0.3970.5 Safari/537.36' , '127.0.0.1' , 1584769803) [ RunTime:0.041528s ]
---------------------------------------------------------------
[ 2020-03-21T13:50:04+08:00 ] 127.0.0.1 GET www.jfmblog.com/admin/blog/post/index?sort=weigh&order=desc&offset=0&limit=10&filter=%7B%7D&op=%7B%7D&_=1584768823171
[ sql ] [ DB ] CONNECT:[ UseTime:0.012714s ] mysql:host=127.0.0.1;dbname=jfmblog;charset=utf8
[ sql ] [ SQL ] SHOW COLUMNS FROM `fa_auth_group_access` [ RunTime:0.005781s ]
[ sql ] [ SQL ] SELECT `aga`.`uid`,`aga`.`group_id`,`ag`.`id`,`ag`.`pid`,`ag`.`name`,`ag`.`rules` FROM `fa_auth_group_access` `aga` LEFT JOIN `fa_auth_group` `ag` ON `aga`.`group_id`=`ag`.`id` WHERE  (  aga.uid='1' and ag.status='normal' ) [ RunTime:0.000792s ]
[ sql ] [ SQL ] SHOW COLUMNS FROM `fa_auth_rule` [ RunTime:0.006443s ]
[ sql ] [ SQL ] SELECT `id`,`pid`,`condition`,`icon`,`name`,`title`,`ismenu` FROM `fa_auth_rule` WHERE  `status` = 'normal' [ RunTime:0.001146s ]
[ sql ] [ SQL ] SHOW COLUMNS FROM `fa_blog_category` [ RunTime:0.006133s ]
[ sql ] [ SQL ] SELECT * FROM `fa_blog_category` ORDER BY `weigh` DESC,`id` DESC [ RunTime:0.000805s ]
[ sql ] [ SQL ] SHOW COLUMNS FROM `fa_blog_post` [ RunTime:0.005622s ]
[ sql ] [ SQL ] SELECT COUNT(*) AS tp_count FROM `fa_blog_post` `blog_post` LEFT JOIN `fa_blog_category` `category` ON `blog_post`.`category_id`=`category`.`id` ORDER BY `blog_post`.`weigh` DESC LIMIT 1 [ RunTime:0.000800s ]
[ sql ] [ SQL ] SELECT `blog_post`.`id`,`blog_post`.`category_id`,`blog_post`.`flag`,`blog_post`.`title`,`blog_post`.`summary`,`blog_post`.`content`,`blog_post`.`thumb`,`blog_post`.`image`,`blog_post`.`keywords`,`blog_post`.`description`,`blog_post`.`views`,`blog_post`.`comments`,`blog_post`.`createtime`,`blog_post`.`updatetime`,`blog_post`.`weigh`,`blog_post`.`status`,category.id AS category__id,category.pid AS category__pid,category.name AS category__name,category.nickname AS category__nickname,category.flag AS category__flag,category.image AS category__image,category.keywords AS category__keywords,category.description AS category__description,category.diyname AS category__diyname,category.createtime AS category__createtime,category.updatetime AS category__updatetime,category.weigh AS category__weigh,category.status AS category__status FROM `fa_blog_post` `blog_post` LEFT JOIN `fa_blog_category` `category` ON `blog_post`.`category_id`=`category`.`id` ORDER BY `blog_post`.`weigh` DESC LIMIT 0,10 [ RunTime:0.001270s ]
---------------------------------------------------------------
[ 2020-03-21T14:04:28+08:00 ] 127.0.0.1 GET www.jfmblog.com/p/13.html
[ sql ] [ DB ] CONNECT:[ UseTime:0.016904s ] mysql:host=127.0.0.1;dbname=jfmblog;charset=utf8
[ sql ] [ SQL ] SHOW COLUMNS FROM `fa_blog_category` [ RunTime:0.012701s ]
[ sql ] [ SQL ] SELECT * FROM `fa_blog_category` WHERE  `status` = 'normal' ORDER BY `weigh` DESC,`id` DESC [ RunTime:0.000966s ]
[ sql ] [ SQL ] SHOW COLUMNS FROM `fa_blog_post` [ RunTime:0.006035s ]
[ sql ] [ SQL ] SELECT * FROM `fa_blog_post` WHERE  `id` = 13 LIMIT 1 [ RunTime:0.000916s ]
[ sql ] [ SQL ] UPDATE `fa_blog_post`  SET `views`=`views`+1  WHERE  `id` = 13 [ RunTime:0.096172s ]
[ sql ] [ SQL ] SELECT * FROM `fa_blog_category` WHERE  `id` = 7 LIMIT 1 [ RunTime:0.000829s ]
[ sql ] [ SQL ] SHOW COLUMNS FROM `fa_blog_comment` [ RunTime:0.005231s ]
[ sql ] [ SQL ] SELECT COUNT(*) AS tp_count FROM `fa_blog_comment` WHERE  `post_id` = 13  AND `pid` = 0  AND `status` = 'normal' LIMIT 1 [ RunTime:0.001070s ]
[ sql ] [ SQL ] SELECT * FROM `fa_blog_comment` WHERE  `post_id` = 13  AND `pid` = 0  AND `status` = 'normal' ORDER BY `id` DESC LIMIT 0,10 [ RunTime:0.001088s ]
[ sql ] [ SQL ] SHOW COLUMNS FROM `fa_blog_block` [ RunTime:0.005548s ]
[ sql ] [ SQL ] SELECT * FROM `fa_blog_block` WHERE  `name` = 'sidebarad1'  AND `status` = 'normal' LIMIT 1 [ RunTime:0.000974s ]
[ sql ] [ SQL ] SELECT * FROM `fa_blog_block` WHERE  `name` = 'sidebarad2'  AND `status` = 'normal' LIMIT 1 [ RunTime:0.001011s ]
[ sql ] [ SQL ] SELECT * FROM `fa_blog_post` WHERE  `status` = 'normal' ORDER BY `createtime` DESC LIMIT 3 [ RunTime:0.000967s ]
[ sql ] [ SQL ] SELECT * FROM `fa_blog_category` WHERE  `id` IN (2,5) [ RunTime:0.000997s ]
[ sql ] [ SQL ] SELECT * FROM `fa_blog_post` WHERE  `status` = 'normal' ORDER BY `createtime` DESC LIMIT 10 [ RunTime:0.001205s ]
[ sql ] [ SQL ] SELECT * FROM `fa_blog_category` WHERE  `id` IN (2,5,9,7) [ RunTime:0.001143s ]
[ sql ] [ SQL ] SELECT * FROM `fa_blog_post` WHERE  `status` = 'normal'  AND (  (FIND_IN_SET('recommend', flag)) ) ORDER BY `createtime` DESC LIMIT 10 [ RunTime:0.000904s ]
[ sql ] [ SQL ] SELECT * FROM `fa_blog_category` WHERE  `id` IN (2,4) [ RunTime:0.001005s ]
---------------------------------------------------------------
[ 2020-03-21T14:06:25+08:00 ] 127.0.0.1 GET www.jfmblog.com/
[ sql ] [ DB ] CONNECT:[ UseTime:0.002745s ] mysql:host=127.0.0.1;dbname=jfmblog;charset=utf8
[ sql ] [ SQL ] SHOW COLUMNS FROM `fa_blog_category` [ RunTime:0.012288s ]
[ sql ] [ SQL ] SHOW COLUMNS FROM `fa_blog_post` [ RunTime:0.005305s ]
[ sql ] [ SQL ] SELECT COUNT(*) AS tp_count FROM `fa_blog_post` WHERE  `status` = 'normal' LIMIT 1 [ RunTime:0.000901s ]
[ sql ] [ SQL ] SELECT * FROM `fa_blog_post` WHERE  `status` = 'normal' ORDER BY `weigh` DESC,`id` DESC LIMIT 0,10 [ RunTime:0.001177s ]
[ sql ] [ SQL ] SELECT * FROM `fa_blog_category` WHERE  `id` IN (2,5,9,7) [ RunTime:0.001088s ]
[ sql ] [ SQL ] SHOW COLUMNS FROM `fa_blog_block` [ RunTime:0.005144s ]
[ sql ] [ SQL ] SELECT * FROM `fa_blog_block` WHERE  `status` = 'normal'  AND `name` = 'indexfocus' ORDER BY `id` DESC LIMIT 5 [ RunTime:0.000892s ]
[ sql ] [ SQL ] SELECT * FROM `fa_blog_block` WHERE  `status` = 'normal'  AND `name` = 'indexsmallfocus' ORDER BY `id` DESC LIMIT 4 [ RunTime:0.000894s ]
[ sql ] [ SQL ] SELECT * FROM `fa_blog_category` WHERE  `id` IN (2,5,9,7) [ RunTime:0.001154s ]
[ sql ] [ SQL ] SELECT * FROM `fa_blog_category` WHERE  `id` IN (2,4) [ RunTime:0.000976s ]
---------------------------------------------------------------
[ 2020-03-21T14:06:29+08:00 ] 127.0.0.1 GET www.jfmblog.com/?page=2
[ sql ] [ DB ] CONNECT:[ UseTime:0.011675s ] mysql:host=127.0.0.1;dbname=jfmblog;charset=utf8
[ sql ] [ SQL ] SHOW COLUMNS FROM `fa_blog_category` [ RunTime:0.012342s ]
[ sql ] [ SQL ] SHOW COLUMNS FROM `fa_blog_post` [ RunTime:0.005169s ]
[ sql ] [ SQL ] SELECT COUNT(*) AS tp_count FROM `fa_blog_post` WHERE  `status` = 'normal' LIMIT 1 [ RunTime:0.000997s ]
[ sql ] [ SQL ] SELECT * FROM `fa_blog_post` WHERE  `status` = 'normal' ORDER BY `weigh` DESC,`id` DESC LIMIT 10,10 [ RunTime:0.001018s ]
[ sql ] [ SQL ] SELECT * FROM `fa_blog_category` WHERE  `id` IN (4,9) [ RunTime:0.000959s ]
[ sql ] [ SQL ] SELECT * FROM `fa_blog_category` WHERE  `id` IN (2,5,9,7) [ RunTime:0.001177s ]
[ sql ] [ SQL ] SELECT * FROM `fa_blog_category` WHERE  `id` IN (2,4) [ RunTime:0.000954s ]
---------------------------------------------------------------
[ 2020-03-21T14:06:33+08:00 ] 127.0.0.1 GET www.jfmblog.com/p/11.html
[ sql ] [ DB ] CONNECT:[ UseTime:0.011771s ] mysql:host=127.0.0.1;dbname=jfmblog;charset=utf8
[ sql ] [ SQL ] SHOW COLUMNS FROM `fa_blog_post` [ RunTime:0.012574s ]
[ sql ] [ SQL ] SELECT * FROM `fa_blog_post` WHERE  `id` = 11 LIMIT 1 [ RunTime:0.000886s ]
[ sql ] [ SQL ] UPDATE `fa_blog_post`  SET `views`=`views`+1  WHERE  `id` = 11 [ RunTime:0.033145s ]
[ sql ] [ SQL ] SHOW COLUMNS FROM `fa_blog_category` [ RunTime:0.005082s ]
[ sql ] [ SQL ] SELECT * FROM `fa_blog_category` WHERE  `id` = 4 LIMIT 1 [ RunTime:0.000900s ]
[ sql ] [ SQL ] SHOW COLUMNS FROM `fa_blog_comment` [ RunTime:0.005319s ]
[ sql ] [ SQL ] SELECT COUNT(*) AS tp_count FROM `fa_blog_comment` WHERE  `post_id` = 11  AND `pid` = 0  AND `status` = 'normal' LIMIT 1 [ RunTime:0.001080s ]
[ sql ] [ SQL ] SELECT * FROM `fa_blog_comment` WHERE  `post_id` = 11  AND `pid` = 0  AND `status` = 'normal' ORDER BY `id` DESC LIMIT 0,10 [ RunTime:0.000995s ]
[ sql ] [ SQL ] SELECT * FROM `fa_blog_category` WHERE  `id` IN (2,5) [ RunTime:0.001013s ]
[ sql ] [ SQL ] SELECT * FROM `fa_blog_category` WHERE  `id` IN (2,5,9,7) [ RunTime:0.001088s ]
[ sql ] [ SQL ] SELECT * FROM `fa_blog_category` WHERE  `id` IN (2,4) [ RunTime:0.000890s ]
