---------------------------------------------------------------
[ 2019-11-20T22:55:13+08:00 ] 127.0.0.1 GET www.jfmblog.com/
[ sql ] [ DB ] CONNECT:[ UseTime:0.039020s ] mysql:host=127.0.0.1;dbname=jfmblog;charset=utf8
[ sql ] [ SQL ] SHOW COLUMNS FROM `fa_blog_category` [ RunTime:0.035908s ]
[ sql ] [ SQL ] SELECT * FROM `fa_blog_category` WHERE  `status` = 'normal' ORDER BY `weigh` DESC,`id` DESC [ RunTime:0.001687s ]
[ sql ] [ SQL ] SHOW COLUMNS FROM `fa_blog_post` [ RunTime:0.053673s ]
[ sql ] [ SQL ] SELECT COUNT(*) AS tp_count FROM `fa_blog_post` WHERE  `status` = 'normal' LIMIT 1 [ RunTime:0.001319s ]
[ sql ] [ SQL ] SELECT * FROM `fa_blog_post` WHERE  `status` = 'normal' ORDER BY `weigh` DESC,`id` DESC LIMIT 0,10 [ RunTime:0.001165s ]
[ sql ] [ SQL ] SELECT * FROM `fa_blog_category` WHERE  `id` IN (2,1) [ RunTime:0.001090s ]
[ sql ] [ SQL ] SHOW COLUMNS FROM `fa_blog_block` [ RunTime:0.036546s ]
[ sql ] [ SQL ] SELECT * FROM `fa_blog_block` WHERE  `name` = 'sidebarad1'  AND `status` = 'normal' LIMIT 1 [ RunTime:0.001401s ]
[ sql ] [ SQL ] SELECT * FROM `fa_blog_block` WHERE  `name` = 'sidebarad2'  AND `status` = 'normal' LIMIT 1 [ RunTime:0.001048s ]
[ sql ] [ SQL ] SELECT * FROM `fa_blog_block` WHERE  `status` = 'normal'  AND `name` = 'indexfocus' ORDER BY `id` DESC LIMIT 5 [ RunTime:0.000981s ]
[ sql ] [ SQL ] SELECT * FROM `fa_blog_block` WHERE  `status` = 'normal'  AND `name` = 'indexsmallfocus' ORDER BY `id` DESC LIMIT 4 [ RunTime:0.000957s ]
[ sql ] [ SQL ] SELECT * FROM `fa_blog_post` WHERE  `status` = 'normal' ORDER BY `createtime` DESC LIMIT 10 [ RunTime:0.000896s ]
[ sql ] [ SQL ] SELECT * FROM `fa_blog_category` WHERE  `id` IN (2,1) [ RunTime:0.000989s ]
[ sql ] [ SQL ] SELECT * FROM `fa_blog_post` WHERE  `status` = 'normal'  AND (  (FIND_IN_SET('recommend', flag)) ) ORDER BY `createtime` DESC LIMIT 10 [ RunTime:0.000944s ]
[ sql ] [ SQL ] SELECT * FROM `fa_blog_category` WHERE  `id` IN (2) [ RunTime:0.000798s ]
---------------------------------------------------------------
[ 2019-11-20T23:04:18+08:00 ] 127.0.0.1 GET www.jfmblog.com/c/2.html
[ sql ] [ DB ] CONNECT:[ UseTime:0.006771s ] mysql:host=127.0.0.1;dbname=jfmblog;charset=utf8
[ sql ] [ SQL ] SHOW COLUMNS FROM `fa_blog_category` [ RunTime:0.012249s ]
[ sql ] [ SQL ] SELECT * FROM `fa_blog_category` WHERE  `id` = 2 LIMIT 1 [ RunTime:0.001031s ]
[ sql ] [ SQL ] SHOW COLUMNS FROM `fa_blog_post` [ RunTime:0.004884s ]
[ sql ] [ SQL ] SELECT COUNT(*) AS tp_count FROM `fa_blog_post` WHERE  `status` = 'normal'  AND `category_id` = 2 LIMIT 1 [ RunTime:0.001083s ]
[ sql ] [ SQL ] SELECT * FROM `fa_blog_post` WHERE  `status` = 'normal'  AND `category_id` = 2 ORDER BY `weigh` DESC,`id` DESC LIMIT 0,10 [ RunTime:0.001252s ]
[ sql ] [ SQL ] SELECT * FROM `fa_blog_category` WHERE  `id` IN (2) [ RunTime:0.000936s ]
[ sql ] [ SQL ] SHOW COLUMNS FROM `fa_blog_block` [ RunTime:0.005100s ]
[ sql ] [ SQL ] SELECT * FROM `fa_blog_category` WHERE  `id` IN (2,1) [ RunTime:0.001051s ]
[ sql ] [ SQL ] SELECT * FROM `fa_blog_category` WHERE  `id` IN (2) [ RunTime:0.000878s ]
---------------------------------------------------------------
[ 2019-11-20T23:04:22+08:00 ] 127.0.0.1 GET www.jfmblog.com/c/3.html
[ sql ] [ DB ] CONNECT:[ UseTime:0.021283s ] mysql:host=127.0.0.1;dbname=jfmblog;charset=utf8
[ sql ] [ SQL ] SHOW COLUMNS FROM `fa_blog_category` [ RunTime:0.005156s ]
[ sql ] [ SQL ] SELECT * FROM `fa_blog_category` WHERE  `id` = 3 LIMIT 1 [ RunTime:0.001008s ]
[ sql ] [ SQL ] SHOW COLUMNS FROM `fa_blog_post` [ RunTime:0.005846s ]
[ sql ] [ SQL ] SELECT COUNT(*) AS tp_count FROM `fa_blog_post` WHERE  `status` = 'normal'  AND `category_id` = 3 LIMIT 1 [ RunTime:0.001043s ]
[ sql ] [ SQL ] SELECT * FROM `fa_blog_post` WHERE  `status` = 'normal'  AND `category_id` = 3 ORDER BY `weigh` DESC,`id` DESC LIMIT 0,10 [ RunTime:0.001076s ]
[ sql ] [ SQL ] SELECT * FROM `fa_blog_category` WHERE  `id` IN (2,1) [ RunTime:0.001121s ]
[ sql ] [ SQL ] SELECT * FROM `fa_blog_category` WHERE  `id` IN (2) [ RunTime:0.000954s ]
---------------------------------------------------------------
[ 2019-11-20T23:52:43+08:00 ] 127.0.0.1 GET www.jfmblog.com/
[ sql ] [ DB ] CONNECT:[ UseTime:0.014429s ] mysql:host=127.0.0.1;dbname=jfmblog;charset=utf8
[ sql ] [ SQL ] SHOW COLUMNS FROM `fa_blog_category` [ RunTime:0.006074s ]
[ sql ] [ SQL ] SHOW COLUMNS FROM `fa_blog_post` [ RunTime:0.005369s ]
[ sql ] [ SQL ] SELECT COUNT(*) AS tp_count FROM `fa_blog_post` WHERE  `status` = 'normal' LIMIT 1 [ RunTime:0.001244s ]
[ sql ] [ SQL ] SELECT * FROM `fa_blog_post` WHERE  `status` = 'normal' ORDER BY `weigh` DESC,`id` DESC LIMIT 0,10 [ RunTime:0.001117s ]
[ sql ] [ SQL ] SELECT * FROM `fa_blog_category` WHERE  `id` IN (2,1) [ RunTime:0.001042s ]
[ sql ] [ SQL ] SELECT * FROM `fa_blog_category` WHERE  `id` IN (2,1) [ RunTime:0.001031s ]
[ sql ] [ SQL ] SELECT * FROM `fa_blog_category` WHERE  `id` IN (2) [ RunTime:0.001112s ]
---------------------------------------------------------------
[ 2019-11-20T23:52:47+08:00 ] 127.0.0.1 GET www.jfmblog.com/
[ sql ] [ DB ] CONNECT:[ UseTime:0.012799s ] mysql:host=127.0.0.1;dbname=jfmblog;charset=utf8
[ sql ] [ SQL ] SHOW COLUMNS FROM `fa_blog_category` [ RunTime:0.005212s ]
[ sql ] [ SQL ] SHOW COLUMNS FROM `fa_blog_post` [ RunTime:0.005326s ]
[ sql ] [ SQL ] SELECT COUNT(*) AS tp_count FROM `fa_blog_post` WHERE  `status` = 'normal' LIMIT 1 [ RunTime:0.000918s ]
[ sql ] [ SQL ] SELECT * FROM `fa_blog_post` WHERE  `status` = 'normal' ORDER BY `weigh` DESC,`id` DESC LIMIT 0,10 [ RunTime:0.000987s ]
[ sql ] [ SQL ] SELECT * FROM `fa_blog_category` WHERE  `id` IN (2,1) [ RunTime:0.001240s ]
[ sql ] [ SQL ] SELECT * FROM `fa_blog_category` WHERE  `id` IN (2,1) [ RunTime:0.001141s ]
[ sql ] [ SQL ] SELECT * FROM `fa_blog_category` WHERE  `id` IN (2) [ RunTime:0.000948s ]
---------------------------------------------------------------
[ 2019-11-20T23:52:55+08:00 ] 127.0.0.1 GET www.jfmblog.com/
[ sql ] [ DB ] CONNECT:[ UseTime:0.002324s ] mysql:host=127.0.0.1;dbname=jfmblog;charset=utf8
[ sql ] [ SQL ] SHOW COLUMNS FROM `fa_blog_category` [ RunTime:0.004997s ]
[ sql ] [ SQL ] SHOW COLUMNS FROM `fa_blog_post` [ RunTime:0.005215s ]
[ sql ] [ SQL ] SELECT COUNT(*) AS tp_count FROM `fa_blog_post` WHERE  `status` = 'normal' LIMIT 1 [ RunTime:0.000931s ]
[ sql ] [ SQL ] SELECT * FROM `fa_blog_post` WHERE  `status` = 'normal' ORDER BY `weigh` DESC,`id` DESC LIMIT 0,10 [ RunTime:0.001196s ]
[ sql ] [ SQL ] SELECT * FROM `fa_blog_category` WHERE  `id` IN (2,1) [ RunTime:0.001008s ]
[ sql ] [ SQL ] SELECT * FROM `fa_blog_category` WHERE  `id` IN (2,1) [ RunTime:0.001019s ]
[ sql ] [ SQL ] SELECT * FROM `fa_blog_category` WHERE  `id` IN (2) [ RunTime:0.000878s ]
---------------------------------------------------------------
[ 2019-11-20T23:52:56+08:00 ] 127.0.0.1 GET www.jfmblog.com/
[ sql ] [ DB ] CONNECT:[ UseTime:0.012260s ] mysql:host=127.0.0.1;dbname=jfmblog;charset=utf8
[ sql ] [ SQL ] SHOW COLUMNS FROM `fa_blog_category` [ RunTime:0.005473s ]
[ sql ] [ SQL ] SHOW COLUMNS FROM `fa_blog_post` [ RunTime:0.006089s ]
[ sql ] [ SQL ] SELECT COUNT(*) AS tp_count FROM `fa_blog_post` WHERE  `status` = 'normal' LIMIT 1 [ RunTime:0.000910s ]
[ sql ] [ SQL ] SELECT * FROM `fa_blog_post` WHERE  `status` = 'normal' ORDER BY `weigh` DESC,`id` DESC LIMIT 0,10 [ RunTime:0.001054s ]
[ sql ] [ SQL ] SELECT * FROM `fa_blog_category` WHERE  `id` IN (2,1) [ RunTime:0.001012s ]
[ sql ] [ SQL ] SELECT * FROM `fa_blog_category` WHERE  `id` IN (2,1) [ RunTime:0.001179s ]
[ sql ] [ SQL ] SELECT * FROM `fa_blog_category` WHERE  `id` IN (2) [ RunTime:0.001341s ]
---------------------------------------------------------------
[ 2019-11-20T23:52:57+08:00 ] 127.0.0.1 GET www.jfmblog.com/
[ sql ] [ DB ] CONNECT:[ UseTime:0.012847s ] mysql:host=127.0.0.1;dbname=jfmblog;charset=utf8
[ sql ] [ SQL ] SHOW COLUMNS FROM `fa_blog_category` [ RunTime:0.005280s ]
[ sql ] [ SQL ] SHOW COLUMNS FROM `fa_blog_post` [ RunTime:0.004992s ]
[ sql ] [ SQL ] SELECT COUNT(*) AS tp_count FROM `fa_blog_post` WHERE  `status` = 'normal' LIMIT 1 [ RunTime:0.000945s ]
[ sql ] [ SQL ] SELECT * FROM `fa_blog_post` WHERE  `status` = 'normal' ORDER BY `weigh` DESC,`id` DESC LIMIT 0,10 [ RunTime:0.001057s ]
[ sql ] [ SQL ] SELECT * FROM `fa_blog_category` WHERE  `id` IN (2,1) [ RunTime:0.001270s ]
[ sql ] [ SQL ] SELECT * FROM `fa_blog_category` WHERE  `id` IN (2,1) [ RunTime:0.001102s ]
[ sql ] [ SQL ] SELECT * FROM `fa_blog_category` WHERE  `id` IN (2) [ RunTime:0.000930s ]
